SF:/modernize-data/studio-data/TNT1001/APP1459/transformed-code/492/studio-workspace/13Feb-rahul/src/ClinicManagement.Application/Services/UserService.cs
FN:16,System.Void ClinicManagement.Application.Services.UserService::.ctor(ClinicManagement.Domain.Interfaces.Repositories.IUserRepository,Microsoft.Extensions.Logging.ILogger`1<ClinicManagement.Application.Services.UserService>)
FNDA:2,System.Void ClinicManagement.Application.Services.UserService::.ctor(ClinicManagement.Domain.Interfaces.Repositories.IUserRepository,Microsoft.Extensions.Logging.ILogger`1<ClinicManagement.Application.Services.UserService>)
DA:17,2
DA:18,2
DA:19,2
DA:20,2
DA:21,2
FN:51,System.Void ClinicManagement.Application.Services.UserService/<CreateAsync>d__5::MoveNext()
FNDA:0,System.Void ClinicManagement.Application.Services.UserService/<CreateAsync>d__5::MoveNext()
DA:52,0
DA:54,0
DA:55,0
DA:57,0
DA:58,0
DA:59,0
DA:60,0
DA:63,0
DA:65,0
DA:66,0
DA:67,0
DA:69,0
DA:70,0
DA:71,0
DA:72,0
DA:74,0
BRDA:58,241,0,0
BRDA:58,241,1,0
FN:102,System.Void ClinicManagement.Application.Services.UserService/<DeleteAsync>d__7::MoveNext()
FNDA:0,System.Void ClinicManagement.Application.Services.UserService/<DeleteAsync>d__7::MoveNext()
DA:103,0
DA:105,0
DA:106,0
DA:108,0
DA:109,0
DA:110,0
DA:111,0
DA:114,0
DA:115,0
DA:116,0
DA:117,0
DA:118,0
DA:120,0
DA:121,0
DA:122,0
DA:123,0
DA:125,0
BRDA:109,234,0,0
BRDA:109,234,1,0
FN:23,System.Void ClinicManagement.Application.Services.UserService/<GetAllAsync>d__3::MoveNext()
FNDA:0,System.Void ClinicManagement.Application.Services.UserService/<GetAllAsync>d__3::MoveNext()
DA:24,0
DA:26,0
DA:27,0
DA:28,0
DA:30,0
DA:31,0
DA:32,0
DA:33,0
DA:35,0
FN:37,System.Void ClinicManagement.Application.Services.UserService/<GetByIdAsync>d__4::MoveNext()
FNDA:0,System.Void ClinicManagement.Application.Services.UserService/<GetByIdAsync>d__4::MoveNext()
DA:38,0
DA:40,0
DA:41,0
DA:42,0
DA:44,0
DA:45,0
DA:46,0
DA:47,0
DA:49,0
FN:127,System.Void ClinicManagement.Application.Services.UserService/<SearchAsync>d__8::MoveNext()
FNDA:0,System.Void ClinicManagement.Application.Services.UserService/<SearchAsync>d__8::MoveNext()
DA:128,0
DA:130,0
DA:131,0
DA:132,0
DA:134,0
DA:135,0
DA:136,0
DA:137,0
DA:139,0
FN:76,System.Void ClinicManagement.Application.Services.UserService/<UpdateAsync>d__6::MoveNext()
FNDA:0,System.Void ClinicManagement.Application.Services.UserService/<UpdateAsync>d__6::MoveNext()
DA:77,0
DA:79,0
DA:80,0
DA:82,0
DA:83,0
DA:84,0
DA:85,0
DA:88,0
DA:89,0
DA:90,0
DA:91,0
DA:92,0
DA:93,0
DA:95,0
DA:96,0
DA:97,0
DA:98,0
DA:100,0
BRDA:83,234,0,0
BRDA:83,234,1,0
FN:141,System.Void ClinicManagement.Application.Services.UserService/<ValidateLoginAsync>d__9::MoveNext()
FNDA:0,System.Void ClinicManagement.Application.Services.UserService/<ValidateLoginAsync>d__9::MoveNext()
DA:142,0
DA:144,0
DA:145,0
DA:146,0
DA:147,0
DA:149,0
DA:150,0
DA:151,0
DA:152,0
DA:154,0
LF:93
LH:5
BRF:6
BRH:0
FNF:8
FNH:1
end_of_record
SF:/modernize-data/studio-data/TNT1001/APP1459/transformed-code/492/studio-workspace/13Feb-rahul/src/ClinicManagement.Application/Mappings/MappingProfile.cs
FN:11,System.Void ClinicManagement.Application.Mappings.MappingProfile::.ctor()
FNDA:0,System.Void ClinicManagement.Application.Mappings.MappingProfile::.ctor()
DA:12,0
DA:13,0
DA:14,0
DA:15,0
DA:16,0
DA:17,0
DA:18,0
DA:19,0
DA:21,0
DA:22,0
DA:23,0
DA:24,0
DA:25,0
DA:26,0
DA:27,0
LF:15
LH:0
BRF:0
BRH:0
FNF:1
FNH:0
end_of_record
SF:/modernize-data/studio-data/TNT1001/APP1459/transformed-code/492/studio-workspace/13Feb-rahul/src/ClinicManagement.Application/Extensions/ServiceCollectionExtensions.cs
FN:15,Microsoft.Extensions.DependencyInjection.IServiceCollection ClinicManagement.Application.Extensions.ServiceCollectionExtensions::AddApplication(Microsoft.Extensions.DependencyInjection.IServiceCollection)
FNDA:1,Microsoft.Extensions.DependencyInjection.IServiceCollection ClinicManagement.Application.Extensions.ServiceCollectionExtensions::AddApplication(Microsoft.Extensions.DependencyInjection.IServiceCollection)
DA:16,1
DA:17,1
DA:18,1
DA:20,1
DA:21,1
LF:5
LH:5
BRF:0
BRH:0
FNF:1
FNH:1
end_of_record
SF:/modernize-data/studio-data/TNT1001/APP1459/transformed-code/492/studio-workspace/13Feb-rahul/src/ClinicManagement.Application/DTOs/UserDto.cs
FN:9,System.Int32 ClinicManagement.Application.DTOs.UserDto::get_Id()
FNDA:0,System.Int32 ClinicManagement.Application.DTOs.UserDto::get_Id()
DA:10,0
FN:10,System.String ClinicManagement.Application.DTOs.UserDto::get_Name()
FNDA:0,System.String ClinicManagement.Application.DTOs.UserDto::get_Name()
DA:11,0
FN:11,System.String ClinicManagement.Application.DTOs.UserDto::get_Email()
FNDA:0,System.String ClinicManagement.Application.DTOs.UserDto::get_Email()
DA:12,0
FN:12,System.DateTime ClinicManagement.Application.DTOs.UserDto::get_BirthDate()
FNDA:0,System.DateTime ClinicManagement.Application.DTOs.UserDto::get_BirthDate()
DA:13,0
FN:13,System.String ClinicManagement.Application.DTOs.UserDto::get_PhoneNo()
FNDA:0,System.String ClinicManagement.Application.DTOs.UserDto::get_PhoneNo()
DA:14,0
FN:14,System.String ClinicManagement.Application.DTOs.UserDto::get_Gender()
FNDA:0,System.String ClinicManagement.Application.DTOs.UserDto::get_Gender()
DA:15,0
FN:15,System.String ClinicManagement.Application.DTOs.UserDto::get_Address()
FNDA:0,System.String ClinicManagement.Application.DTOs.UserDto::get_Address()
DA:16,0
FN:16,ClinicManagement.Domain.Enums.UserType ClinicManagement.Application.DTOs.UserDto::get_UserType()
FNDA:0,ClinicManagement.Domain.Enums.UserType ClinicManagement.Application.DTOs.UserDto::get_UserType()
DA:17,0
FN:17,System.Boolean ClinicManagement.Application.DTOs.UserDto::get_IsActive()
FNDA:0,System.Boolean ClinicManagement.Application.DTOs.UserDto::get_IsActive()
DA:18,0
FN:18,System.DateTime ClinicManagement.Application.DTOs.UserDto::get_CreatedDate()
FNDA:0,System.DateTime ClinicManagement.Application.DTOs.UserDto::get_CreatedDate()
DA:19,0
FN:26,System.String ClinicManagement.Application.DTOs.UserCreateDto::get_Name()
FNDA:0,System.String ClinicManagement.Application.DTOs.UserCreateDto::get_Name()
DA:27,0
FN:27,System.String ClinicManagement.Application.DTOs.UserCreateDto::get_Email()
FNDA:0,System.String ClinicManagement.Application.DTOs.UserCreateDto::get_Email()
DA:28,0
FN:28,System.String ClinicManagement.Application.DTOs.UserCreateDto::get_Password()
FNDA:0,System.String ClinicManagement.Application.DTOs.UserCreateDto::get_Password()
DA:29,0
FN:29,System.DateTime ClinicManagement.Application.DTOs.UserCreateDto::get_BirthDate()
FNDA:0,System.DateTime ClinicManagement.Application.DTOs.UserCreateDto::get_BirthDate()
DA:30,0
FN:30,System.String ClinicManagement.Application.DTOs.UserCreateDto::get_PhoneNo()
FNDA:0,System.String ClinicManagement.Application.DTOs.UserCreateDto::get_PhoneNo()
DA:31,0
FN:31,System.String ClinicManagement.Application.DTOs.UserCreateDto::get_Gender()
FNDA:0,System.String ClinicManagement.Application.DTOs.UserCreateDto::get_Gender()
DA:32,0
FN:32,System.String ClinicManagement.Application.DTOs.UserCreateDto::get_Address()
FNDA:0,System.String ClinicManagement.Application.DTOs.UserCreateDto::get_Address()
DA:33,0
FN:33,ClinicManagement.Domain.Enums.UserType ClinicManagement.Application.DTOs.UserCreateDto::get_UserType()
FNDA:0,ClinicManagement.Domain.Enums.UserType ClinicManagement.Application.DTOs.UserCreateDto::get_UserType()
DA:34,0
FN:41,System.String ClinicManagement.Application.DTOs.UserUpdateDto::get_Name()
FNDA:0,System.String ClinicManagement.Application.DTOs.UserUpdateDto::get_Name()
DA:42,0
FN:42,System.String ClinicManagement.Application.DTOs.UserUpdateDto::get_Email()
FNDA:0,System.String ClinicManagement.Application.DTOs.UserUpdateDto::get_Email()
DA:43,0
FN:43,System.DateTime ClinicManagement.Application.DTOs.UserUpdateDto::get_BirthDate()
FNDA:0,System.DateTime ClinicManagement.Application.DTOs.UserUpdateDto::get_BirthDate()
DA:44,0
FN:44,System.String ClinicManagement.Application.DTOs.UserUpdateDto::get_PhoneNo()
FNDA:0,System.String ClinicManagement.Application.DTOs.UserUpdateDto::get_PhoneNo()
DA:45,0
FN:45,System.String ClinicManagement.Application.DTOs.UserUpdateDto::get_Gender()
FNDA:0,System.String ClinicManagement.Application.DTOs.UserUpdateDto::get_Gender()
DA:46,0
FN:46,System.String ClinicManagement.Application.DTOs.UserUpdateDto::get_Address()
FNDA:0,System.String ClinicManagement.Application.DTOs.UserUpdateDto::get_Address()
DA:47,0
FN:54,System.String ClinicManagement.Application.DTOs.LoginDto::get_Email()
FNDA:0,System.String ClinicManagement.Application.DTOs.LoginDto::get_Email()
DA:55,0
FN:55,System.String ClinicManagement.Application.DTOs.LoginDto::get_Password()
FNDA:0,System.String ClinicManagement.Application.DTOs.LoginDto::get_Password()
DA:56,0
FN:63,System.Boolean ClinicManagement.Application.DTOs.LoginResponseDto::get_Success()
FNDA:0,System.Boolean ClinicManagement.Application.DTOs.LoginResponseDto::get_Success()
DA:64,0
FN:64,System.Int32 ClinicManagement.Application.DTOs.LoginResponseDto::get_UserId()
FNDA:0,System.Int32 ClinicManagement.Application.DTOs.LoginResponseDto::get_UserId()
DA:65,0
FN:65,ClinicManagement.Domain.Enums.UserType ClinicManagement.Application.DTOs.LoginResponseDto::get_UserType()
FNDA:0,ClinicManagement.Domain.Enums.UserType ClinicManagement.Application.DTOs.LoginResponseDto::get_UserType()
DA:66,0
FN:66,System.String ClinicManagement.Application.DTOs.LoginResponseDto::get_Message()
FNDA:0,System.String ClinicManagement.Application.DTOs.LoginResponseDto::get_Message()
DA:67,0
LF:30
LH:0
BRF:0
BRH:0
FNF:30
FNH:0
end_of_record
SF:/modernize-data/studio-data/TNT1001/APP1459/transformed-code/492/studio-workspace/13Feb-rahul/src/ClinicManagement.Infrastructure/Repositories/AppointmentRepository.cs
FN:17,System.Void ClinicManagement.Infrastructure.Repositories.AppointmentRepository::.ctor(ClinicManagement.Infrastructure.Data.ClinicManagementDbContext,Microsoft.Extensions.Logging.ILogger`1<ClinicManagement.Infrastructure.Repositories.AppointmentRepository>)
FNDA:0,System.Void ClinicManagement.Infrastructure.Repositories.AppointmentRepository::.ctor(ClinicManagement.Infrastructure.Data.ClinicManagementDbContext,Microsoft.Extensions.Logging.ILogger`1<ClinicManagement.Infrastructure.Repositories.AppointmentRepository>)
DA:18,0
DA:19,0
DA:20,0
DA:21,0
DA:22,0
FN:118,System.Void ClinicManagement.Infrastructure.Repositories.AppointmentRepository/<AddAsync>d__8::MoveNext()
FNDA:0,System.Void ClinicManagement.Infrastructure.Repositories.AppointmentRepository/<AddAsync>d__8::MoveNext()
DA:119,0
DA:121,0
DA:122,0
DA:123,0
DA:124,0
DA:126,0
DA:127,0
DA:129,0
DA:130,0
DA:132,0
DA:133,0
DA:134,0
DA:135,0
DA:137,0
FN:158,System.Void ClinicManagement.Infrastructure.Repositories.AppointmentRepository/<DeleteAsync>d__10::MoveNext()
FNDA:0,System.Void ClinicManagement.Infrastructure.Repositories.AppointmentRepository/<DeleteAsync>d__10::MoveNext()
DA:159,0
DA:161,0
DA:162,0
DA:163,0
DA:165,0
DA:166,0
DA:167,0
DA:168,0
DA:169,0
DA:170,0
DA:171,0
DA:172,0
DA:173,0
DA:174,0
DA:175,0
DA:176,0
DA:178,0
BRDA:165,258,0,0
BRDA:165,258,1,0
FN:180,System.Void ClinicManagement.Infrastructure.Repositories.AppointmentRepository/<ExistsAsync>d__11::MoveNext()
FNDA:0,System.Void ClinicManagement.Infrastructure.Repositories.AppointmentRepository/<ExistsAsync>d__11::MoveNext()
DA:181,0
DA:183,0
DA:184,0
DA:185,0
DA:187,0
DA:188,0
DA:189,0
DA:190,0
DA:192,0
FN:24,System.Void ClinicManagement.Infrastructure.Repositories.AppointmentRepository/<GetAllAsync>d__3::MoveNext()
FNDA:0,System.Void ClinicManagement.Infrastructure.Repositories.AppointmentRepository/<GetAllAsync>d__3::MoveNext()
DA:25,0
DA:27,0
DA:28,0
DA:29,0
DA:30,0
DA:31,0
DA:32,0
DA:33,0
DA:34,0
DA:36,0
DA:37,0
DA:38,0
DA:39,0
DA:41,0
FN:80,System.Void ClinicManagement.Infrastructure.Repositories.AppointmentRepository/<GetByDoctorIdAsync>d__6::MoveNext()
FNDA:0,System.Void ClinicManagement.Infrastructure.Repositories.AppointmentRepository/<GetByDoctorIdAsync>d__6::MoveNext()
DA:81,0
DA:83,0
DA:84,0
DA:85,0
DA:86,0
DA:87,0
DA:88,0
DA:89,0
DA:90,0
DA:92,0
DA:93,0
DA:94,0
DA:95,0
DA:97,0
FN:43,System.Void ClinicManagement.Infrastructure.Repositories.AppointmentRepository/<GetByIdAsync>d__4::MoveNext()
FNDA:0,System.Void ClinicManagement.Infrastructure.Repositories.AppointmentRepository/<GetByIdAsync>d__4::MoveNext()
DA:44,0
DA:46,0
DA:47,0
DA:48,0
DA:49,0
DA:50,0
DA:51,0
DA:52,0
DA:54,0
DA:55,0
DA:56,0
DA:57,0
DA:59,0
FN:61,System.Void ClinicManagement.Infrastructure.Repositories.AppointmentRepository/<GetByPatientIdAsync>d__5::MoveNext()
FNDA:0,System.Void ClinicManagement.Infrastructure.Repositories.AppointmentRepository/<GetByPatientIdAsync>d__5::MoveNext()
DA:62,0
DA:64,0
DA:65,0
DA:66,0
DA:67,0
DA:68,0
DA:69,0
DA:70,0
DA:71,0
DA:73,0
DA:74,0
DA:75,0
DA:76,0
DA:78,0
FN:99,System.Void ClinicManagement.Infrastructure.Repositories.AppointmentRepository/<GetByStatusAsync>d__7::MoveNext()
FNDA:0,System.Void ClinicManagement.Infrastructure.Repositories.AppointmentRepository/<GetByStatusAsync>d__7::MoveNext()
DA:100,0
DA:102,0
DA:103,0
DA:104,0
DA:105,0
DA:106,0
DA:107,0
DA:108,0
DA:109,0
DA:111,0
DA:112,0
DA:113,0
DA:114,0
DA:116,0
FN:139,System.Void ClinicManagement.Infrastructure.Repositories.AppointmentRepository/<UpdateAsync>d__9::MoveNext()
FNDA:0,System.Void ClinicManagement.Infrastructure.Repositories.AppointmentRepository/<UpdateAsync>d__9::MoveNext()
DA:140,0
DA:142,0
DA:143,0
DA:144,0
DA:146,0
DA:147,0
DA:149,0
DA:150,0
DA:151,0
DA:152,0
DA:153,0
DA:154,0
DA:156,0
LF:127
LH:0
BRF:2
BRH:0
FNF:10
FNH:0
end_of_record
SF:/modernize-data/studio-data/TNT1001/APP1459/transformed-code/492/studio-workspace/13Feb-rahul/src/ClinicManagement.Infrastructure/Repositories/BillRepository.cs
FN:16,System.Void ClinicManagement.Infrastructure.Repositories.BillRepository::.ctor(ClinicManagement.Infrastructure.Data.ClinicManagementDbContext,Microsoft.Extensions.Logging.ILogger`1<ClinicManagement.Infrastructure.Repositories.BillRepository>)
FNDA:0,System.Void ClinicManagement.Infrastructure.Repositories.BillRepository::.ctor(ClinicManagement.Infrastructure.Data.ClinicManagementDbContext,Microsoft.Extensions.Logging.ILogger`1<ClinicManagement.Infrastructure.Repositories.BillRepository>)
DA:17,0
DA:18,0
DA:19,0
DA:20,0
DA:21,0
FN:76,System.Void ClinicManagement.Infrastructure.Repositories.BillRepository/<AddAsync>d__6::MoveNext()
FNDA:0,System.Void ClinicManagement.Infrastructure.Repositories.BillRepository/<AddAsync>d__6::MoveNext()
DA:77,0
DA:79,0
DA:80,0
DA:81,0
DA:82,0
DA:84,0
DA:85,0
DA:87,0
DA:88,0
DA:90,0
DA:91,0
DA:92,0
DA:93,0
DA:95,0
FN:116,System.Void ClinicManagement.Infrastructure.Repositories.BillRepository/<DeleteAsync>d__8::MoveNext()
FNDA:0,System.Void ClinicManagement.Infrastructure.Repositories.BillRepository/<DeleteAsync>d__8::MoveNext()
DA:117,0
DA:119,0
DA:120,0
DA:121,0
DA:123,0
DA:124,0
DA:125,0
DA:126,0
DA:127,0
DA:128,0
DA:129,0
DA:130,0
DA:131,0
DA:132,0
DA:133,0
DA:134,0
DA:136,0
BRDA:123,258,0,0
BRDA:123,258,1,0
FN:138,System.Void ClinicManagement.Infrastructure.Repositories.BillRepository/<ExistsAsync>d__9::MoveNext()
FNDA:0,System.Void ClinicManagement.Infrastructure.Repositories.BillRepository/<ExistsAsync>d__9::MoveNext()
DA:139,0
DA:141,0
DA:142,0
DA:143,0
DA:145,0
DA:146,0
DA:147,0
DA:148,0
DA:150,0
FN:23,System.Void ClinicManagement.Infrastructure.Repositories.BillRepository/<GetAllAsync>d__3::MoveNext()
FNDA:0,System.Void ClinicManagement.Infrastructure.Repositories.BillRepository/<GetAllAsync>d__3::MoveNext()
DA:24,0
DA:26,0
DA:27,0
DA:28,0
DA:29,0
DA:30,0
DA:31,0
DA:32,0
DA:34,0
DA:35,0
DA:36,0
DA:37,0
DA:39,0
FN:58,System.Void ClinicManagement.Infrastructure.Repositories.BillRepository/<GetByAppointmentIdAsync>d__5::MoveNext()
FNDA:0,System.Void ClinicManagement.Infrastructure.Repositories.BillRepository/<GetByAppointmentIdAsync>d__5::MoveNext()
DA:59,0
DA:61,0
DA:62,0
DA:63,0
DA:64,0
DA:65,0
DA:66,0
DA:67,0
DA:69,0
DA:70,0
DA:71,0
DA:72,0
DA:74,0
FN:41,System.Void ClinicManagement.Infrastructure.Repositories.BillRepository/<GetByIdAsync>d__4::MoveNext()
FNDA:0,System.Void ClinicManagement.Infrastructure.Repositories.BillRepository/<GetByIdAsync>d__4::MoveNext()
DA:42,0
DA:44,0
DA:45,0
DA:46,0
DA:47,0
DA:48,0
DA:49,0
DA:51,0
DA:52,0
DA:53,0
DA:54,0
DA:56,0
FN:97,System.Void ClinicManagement.Infrastructure.Repositories.BillRepository/<UpdateAsync>d__7::MoveNext()
FNDA:0,System.Void ClinicManagement.Infrastructure.Repositories.BillRepository/<UpdateAsync>d__7::MoveNext()
DA:98,0
DA:100,0
DA:101,0
DA:102,0
DA:104,0
DA:105,0
DA:107,0
DA:108,0
DA:109,0
DA:110,0
DA:111,0
DA:112,0
DA:114,0
LF:96
LH:0
BRF:2
BRH:0
FNF:8
FNH:0
end_of_record
SF:/modernize-data/studio-data/TNT1001/APP1459/transformed-code/492/studio-workspace/13Feb-rahul/src/ClinicManagement.Infrastructure/Repositories/DoctorRepository.cs
FN:16,System.Void ClinicManagement.Infrastructure.Repositories.DoctorRepository::.ctor(ClinicManagement.Infrastructure.Data.ClinicManagementDbContext,Microsoft.Extensions.Logging.ILogger`1<ClinicManagement.Infrastructure.Repositories.DoctorRepository>)
FNDA:0,System.Void ClinicManagement.Infrastructure.Repositories.DoctorRepository::.ctor(ClinicManagement.Infrastructure.Data.ClinicManagementDbContext,Microsoft.Extensions.Logging.ILogger`1<ClinicManagement.Infrastructure.Repositories.DoctorRepository>)
DA:17,0
DA:18,0
DA:19,0
DA:20,0
DA:21,0
FN:75,System.Void ClinicManagement.Infrastructure.Repositories.DoctorRepository/<AddAsync>d__6::MoveNext()
FNDA:0,System.Void ClinicManagement.Infrastructure.Repositories.DoctorRepository/<AddAsync>d__6::MoveNext()
DA:76,0
DA:78,0
DA:79,0
DA:80,0
DA:81,0
DA:83,0
DA:84,0
DA:86,0
DA:87,0
DA:89,0
DA:90,0
DA:91,0
DA:92,0
DA:94,0
FN:115,System.Void ClinicManagement.Infrastructure.Repositories.DoctorRepository/<DeleteAsync>d__8::MoveNext()
FNDA:0,System.Void ClinicManagement.Infrastructure.Repositories.DoctorRepository/<DeleteAsync>d__8::MoveNext()
DA:116,0
DA:118,0
DA:119,0
DA:120,0
DA:122,0
DA:123,0
DA:124,0
DA:125,0
DA:126,0
DA:127,0
DA:128,0
DA:129,0
DA:130,0
DA:131,0
DA:132,0
DA:133,0
DA:135,0
BRDA:122,258,0,0
BRDA:122,258,1,0
FN:137,System.Void ClinicManagement.Infrastructure.Repositories.DoctorRepository/<ExistsAsync>d__9::MoveNext()
FNDA:0,System.Void ClinicManagement.Infrastructure.Repositories.DoctorRepository/<ExistsAsync>d__9::MoveNext()
DA:138,0
DA:140,0
DA:141,0
DA:142,0
DA:144,0
DA:145,0
DA:146,0
DA:147,0
DA:149,0
FN:23,System.Void ClinicManagement.Infrastructure.Repositories.DoctorRepository/<GetAllAsync>d__3::MoveNext()
FNDA:0,System.Void ClinicManagement.Infrastructure.Repositories.DoctorRepository/<GetAllAsync>d__3::MoveNext()
DA:24,0
DA:26,0
DA:27,0
DA:28,0
DA:29,0
DA:30,0
DA:31,0
DA:32,0
DA:34,0
DA:35,0
DA:36,0
DA:37,0
DA:39,0
FN:41,System.Void ClinicManagement.Infrastructure.Repositories.DoctorRepository/<GetByIdAsync>d__4::MoveNext()
FNDA:0,System.Void ClinicManagement.Infrastructure.Repositories.DoctorRepository/<GetByIdAsync>d__4::MoveNext()
DA:42,0
DA:44,0
DA:45,0
DA:46,0
DA:47,0
DA:48,0
DA:49,0
DA:51,0
DA:52,0
DA:53,0
DA:54,0
DA:56,0
FN:58,System.Void ClinicManagement.Infrastructure.Repositories.DoctorRepository/<GetByUserIdAsync>d__5::MoveNext()
FNDA:0,System.Void ClinicManagement.Infrastructure.Repositories.DoctorRepository/<GetByUserIdAsync>d__5::MoveNext()
DA:59,0
DA:61,0
DA:62,0
DA:63,0
DA:64,0
DA:65,0
DA:66,0
DA:68,0
DA:69,0
DA:70,0
DA:71,0
DA:73,0
FN:151,System.Void ClinicManagement.Infrastructure.Repositories.DoctorRepository/<SearchAsync>d__10::MoveNext()
FNDA:0,System.Void ClinicManagement.Infrastructure.Repositories.DoctorRepository/<SearchAsync>d__10::MoveNext()
DA:152,0
DA:154,0
DA:155,0
DA:156,0
DA:157,0
DA:158,0
DA:159,0
DA:160,0
DA:161,0
DA:162,0
DA:164,0
DA:165,0
DA:166,0
DA:167,0
DA:169,0
FN:96,System.Void ClinicManagement.Infrastructure.Repositories.DoctorRepository/<UpdateAsync>d__7::MoveNext()
FNDA:0,System.Void ClinicManagement.Infrastructure.Repositories.DoctorRepository/<UpdateAsync>d__7::MoveNext()
DA:97,0
DA:99,0
DA:100,0
DA:101,0
DA:103,0
DA:104,0
DA:106,0
DA:107,0
DA:108,0
DA:109,0
DA:110,0
DA:111,0
DA:113,0
LF:110
LH:0
BRF:2
BRH:0
FNF:9
FNH:0
end_of_record
SF:/modernize-data/studio-data/TNT1001/APP1459/transformed-code/492/studio-workspace/13Feb-rahul/src/ClinicManagement.Infrastructure/Repositories/PatientRepository.cs
FN:16,System.Void ClinicManagement.Infrastructure.Repositories.PatientRepository::.ctor(ClinicManagement.Infrastructure.Data.ClinicManagementDbContext,Microsoft.Extensions.Logging.ILogger`1<ClinicManagement.Infrastructure.Repositories.PatientRepository>)
FNDA:1,System.Void ClinicManagement.Infrastructure.Repositories.PatientRepository::.ctor(ClinicManagement.Infrastructure.Data.ClinicManagementDbContext,Microsoft.Extensions.Logging.ILogger`1<ClinicManagement.Infrastructure.Repositories.PatientRepository>)
DA:17,1
DA:18,1
DA:19,1
DA:20,1
DA:21,1
FN:75,System.Void ClinicManagement.Infrastructure.Repositories.PatientRepository/<AddAsync>d__6::MoveNext()
FNDA:0,System.Void ClinicManagement.Infrastructure.Repositories.PatientRepository/<AddAsync>d__6::MoveNext()
DA:76,0
DA:78,0
DA:79,0
DA:80,0
DA:81,0
DA:83,0
DA:84,0
DA:86,0
DA:87,0
DA:89,0
DA:90,0
DA:91,0
DA:92,0
DA:94,0
FN:115,System.Void ClinicManagement.Infrastructure.Repositories.PatientRepository/<DeleteAsync>d__8::MoveNext()
FNDA:0,System.Void ClinicManagement.Infrastructure.Repositories.PatientRepository/<DeleteAsync>d__8::MoveNext()
DA:116,0
DA:118,0
DA:119,0
DA:120,0
DA:122,0
DA:123,0
DA:124,0
DA:125,0
DA:126,0
DA:127,0
DA:128,0
DA:129,0
DA:130,0
DA:131,0
DA:132,0
DA:133,0
DA:135,0
BRDA:122,258,0,0
BRDA:122,258,1,0
FN:137,System.Void ClinicManagement.Infrastructure.Repositories.PatientRepository/<ExistsAsync>d__9::MoveNext()
FNDA:0,System.Void ClinicManagement.Infrastructure.Repositories.PatientRepository/<ExistsAsync>d__9::MoveNext()
DA:138,0
DA:140,0
DA:141,0
DA:142,0
DA:144,0
DA:145,0
DA:146,0
DA:147,0
DA:149,0
FN:23,System.Void ClinicManagement.Infrastructure.Repositories.PatientRepository/<GetAllAsync>d__3::MoveNext()
FNDA:0,System.Void ClinicManagement.Infrastructure.Repositories.PatientRepository/<GetAllAsync>d__3::MoveNext()
DA:24,0
DA:26,0
DA:27,0
DA:28,0
DA:29,0
DA:30,0
DA:31,0
DA:32,0
DA:34,0
DA:35,0
DA:36,0
DA:37,0
DA:39,0
FN:41,System.Void ClinicManagement.Infrastructure.Repositories.PatientRepository/<GetByIdAsync>d__4::MoveNext()
FNDA:0,System.Void ClinicManagement.Infrastructure.Repositories.PatientRepository/<GetByIdAsync>d__4::MoveNext()
DA:42,0
DA:44,0
DA:45,0
DA:46,0
DA:47,0
DA:48,0
DA:49,0
DA:51,0
DA:52,0
DA:53,0
DA:54,0
DA:56,0
FN:58,System.Void ClinicManagement.Infrastructure.Repositories.PatientRepository/<GetByUserIdAsync>d__5::MoveNext()
FNDA:0,System.Void ClinicManagement.Infrastructure.Repositories.PatientRepository/<GetByUserIdAsync>d__5::MoveNext()
DA:59,0
DA:61,0
DA:62,0
DA:63,0
DA:64,0
DA:65,0
DA:66,0
DA:68,0
DA:69,0
DA:70,0
DA:71,0
DA:73,0
FN:151,System.Void ClinicManagement.Infrastructure.Repositories.PatientRepository/<SearchAsync>d__10::MoveNext()
FNDA:0,System.Void ClinicManagement.Infrastructure.Repositories.PatientRepository/<SearchAsync>d__10::MoveNext()
DA:152,0
DA:154,0
DA:155,0
DA:156,0
DA:157,0
DA:158,0
DA:159,0
DA:160,0
DA:162,0
DA:163,0
DA:164,0
DA:165,0
DA:167,0
FN:96,System.Void ClinicManagement.Infrastructure.Repositories.PatientRepository/<UpdateAsync>d__7::MoveNext()
FNDA:0,System.Void ClinicManagement.Infrastructure.Repositories.PatientRepository/<UpdateAsync>d__7::MoveNext()
DA:97,0
DA:99,0
DA:100,0
DA:101,0
DA:103,0
DA:104,0
DA:106,0
DA:107,0
DA:108,0
DA:109,0
DA:110,0
DA:111,0
DA:113,0
LF:108
LH:5
BRF:2
BRH:0
FNF:9
FNH:1
end_of_record
SF:/modernize-data/studio-data/TNT1001/APP1459/transformed-code/492/studio-workspace/13Feb-rahul/src/ClinicManagement.Infrastructure/Repositories/UserRepository.cs
FN:16,System.Void ClinicManagement.Infrastructure.Repositories.UserRepository::.ctor(ClinicManagement.Infrastructure.Data.ClinicManagementDbContext,Microsoft.Extensions.Logging.ILogger`1<ClinicManagement.Infrastructure.Repositories.UserRepository>)
FNDA:2,System.Void ClinicManagement.Infrastructure.Repositories.UserRepository::.ctor(ClinicManagement.Infrastructure.Data.ClinicManagementDbContext,Microsoft.Extensions.Logging.ILogger`1<ClinicManagement.Infrastructure.Repositories.UserRepository>)
DA:17,2
DA:18,2
DA:19,2
DA:20,2
DA:21,2
FN:72,System.Void ClinicManagement.Infrastructure.Repositories.UserRepository/<AddAsync>d__6::MoveNext()
FNDA:0,System.Void ClinicManagement.Infrastructure.Repositories.UserRepository/<AddAsync>d__6::MoveNext()
DA:73,0
DA:75,0
DA:76,0
DA:77,0
DA:78,0
DA:80,0
DA:81,0
DA:83,0
DA:84,0
DA:86,0
DA:87,0
DA:88,0
DA:89,0
DA:91,0
FN:112,System.Void ClinicManagement.Infrastructure.Repositories.UserRepository/<DeleteAsync>d__8::MoveNext()
FNDA:0,System.Void ClinicManagement.Infrastructure.Repositories.UserRepository/<DeleteAsync>d__8::MoveNext()
DA:113,0
DA:115,0
DA:116,0
DA:117,0
DA:119,0
DA:120,0
DA:121,0
DA:122,0
DA:123,0
DA:124,0
DA:125,0
DA:126,0
DA:127,0
DA:128,0
DA:129,0
DA:130,0
DA:132,0
BRDA:119,258,0,0
BRDA:119,258,1,0
FN:134,System.Void ClinicManagement.Infrastructure.Repositories.UserRepository/<ExistsAsync>d__9::MoveNext()
FNDA:0,System.Void ClinicManagement.Infrastructure.Repositories.UserRepository/<ExistsAsync>d__9::MoveNext()
DA:135,0
DA:137,0
DA:138,0
DA:139,0
DA:141,0
DA:142,0
DA:143,0
DA:144,0
DA:146,0
FN:23,System.Void ClinicManagement.Infrastructure.Repositories.UserRepository/<GetAllAsync>d__3::MoveNext()
FNDA:0,System.Void ClinicManagement.Infrastructure.Repositories.UserRepository/<GetAllAsync>d__3::MoveNext()
DA:24,0
DA:26,0
DA:27,0
DA:28,0
DA:29,0
DA:30,0
DA:31,0
DA:33,0
DA:34,0
DA:35,0
DA:36,0
DA:38,0
FN:56,System.Void ClinicManagement.Infrastructure.Repositories.UserRepository/<GetByEmailAsync>d__5::MoveNext()
FNDA:0,System.Void ClinicManagement.Infrastructure.Repositories.UserRepository/<GetByEmailAsync>d__5::MoveNext()
DA:57,0
DA:59,0
DA:60,0
DA:61,0
DA:62,0
DA:63,0
DA:65,0
DA:66,0
DA:67,0
DA:68,0
DA:70,0
FN:40,System.Void ClinicManagement.Infrastructure.Repositories.UserRepository/<GetByIdAsync>d__4::MoveNext()
FNDA:0,System.Void ClinicManagement.Infrastructure.Repositories.UserRepository/<GetByIdAsync>d__4::MoveNext()
DA:41,0
DA:43,0
DA:44,0
DA:45,0
DA:46,0
DA:47,0
DA:49,0
DA:50,0
DA:51,0
DA:52,0
DA:54,0
FN:148,System.Void ClinicManagement.Infrastructure.Repositories.UserRepository/<SearchAsync>d__10::MoveNext()
FNDA:0,System.Void ClinicManagement.Infrastructure.Repositories.UserRepository/<SearchAsync>d__10::MoveNext()
DA:149,0
DA:151,0
DA:152,0
DA:153,0
DA:154,0
DA:155,0
DA:156,0
DA:158,0
DA:159,0
DA:160,0
DA:161,0
DA:163,0
FN:93,System.Void ClinicManagement.Infrastructure.Repositories.UserRepository/<UpdateAsync>d__7::MoveNext()
FNDA:0,System.Void ClinicManagement.Infrastructure.Repositories.UserRepository/<UpdateAsync>d__7::MoveNext()
DA:94,0
DA:96,0
DA:97,0
DA:98,0
DA:100,0
DA:101,0
DA:103,0
DA:104,0
DA:105,0
DA:106,0
DA:107,0
DA:108,0
DA:110,0
FN:165,System.Void ClinicManagement.Infrastructure.Repositories.UserRepository/<ValidateLoginAsync>d__11::MoveNext()
FNDA:0,System.Void ClinicManagement.Infrastructure.Repositories.UserRepository/<ValidateLoginAsync>d__11::MoveNext()
DA:166,0
DA:168,0
DA:169,0
DA:170,0
DA:171,0
DA:172,0
DA:174,0
DA:175,0
DA:176,0
DA:177,0
DA:179,0
LF:115
LH:5
BRF:2
BRH:0
FNF:10
FNH:1
end_of_record
SF:/modernize-data/studio-data/TNT1001/APP1459/transformed-code/492/studio-workspace/13Feb-rahul/src/ClinicManagement.Infrastructure/Extensions/ServiceCollectionExtensions.cs
FN:18,Microsoft.Extensions.DependencyInjection.IServiceCollection ClinicManagement.Infrastructure.Extensions.ServiceCollectionExtensions::AddInfrastructure(Microsoft.Extensions.DependencyInjection.IServiceCollection,Microsoft.Extensions.Configuration.IConfiguration)
FNDA:1,Microsoft.Extensions.DependencyInjection.IServiceCollection ClinicManagement.Infrastructure.Extensions.ServiceCollectionExtensions::AddInfrastructure(Microsoft.Extensions.DependencyInjection.IServiceCollection,Microsoft.Extensions.Configuration.IConfiguration)
DA:19,1
DA:20,1
DA:22,1
DA:23,3
DA:25,1
DA:26,1
DA:27,1
DA:28,1
DA:29,1
DA:31,1
DA:32,1
FN:34,System.String ClinicManagement.Infrastructure.Extensions.ServiceCollectionExtensions::GetConnectionString(Microsoft.Extensions.Configuration.IConfiguration)
FNDA:1,System.String ClinicManagement.Infrastructure.Extensions.ServiceCollectionExtensions::GetConnectionString(Microsoft.Extensions.Configuration.IConfiguration)
DA:35,1
DA:36,1
DA:37,1
DA:38,1
DA:39,1
DA:41,1
DA:42,1
DA:43,0
DA:44,0
DA:47,1
DA:48,1
DA:49,1
BRDA:41,51,0,0
BRDA:41,59,0,0
BRDA:41,67,0,0
BRDA:41,51,1,1
BRDA:41,59,1,1
BRDA:41,67,1,1
BRDA:41,85,0,0
BRDA:41,85,1,1
BRDA:47,222,0,0
BRDA:47,222,1,1
LF:23
LH:21
BRF:10
BRH:5
FNF:2
FNH:2
end_of_record
SF:/modernize-data/studio-data/TNT1001/APP1459/transformed-code/492/studio-workspace/13Feb-rahul/src/ClinicManagement.Infrastructure/Data/ClinicManagementDbContext.cs
FN:15,Microsoft.EntityFrameworkCore.DbSet`1<ClinicManagement.Domain.Entities.User> ClinicManagement.Infrastructure.Data.ClinicManagementDbContext::get_Users()
FNDA:2,Microsoft.EntityFrameworkCore.DbSet`1<ClinicManagement.Domain.Entities.User> ClinicManagement.Infrastructure.Data.ClinicManagementDbContext::get_Users()
DA:16,2
FN:16,Microsoft.EntityFrameworkCore.DbSet`1<ClinicManagement.Domain.Entities.Patient> ClinicManagement.Infrastructure.Data.ClinicManagementDbContext::get_Patients()
FNDA:2,Microsoft.EntityFrameworkCore.DbSet`1<ClinicManagement.Domain.Entities.Patient> ClinicManagement.Infrastructure.Data.ClinicManagementDbContext::get_Patients()
DA:17,2
FN:17,Microsoft.EntityFrameworkCore.DbSet`1<ClinicManagement.Domain.Entities.Doctor> ClinicManagement.Infrastructure.Data.ClinicManagementDbContext::get_Doctors()
FNDA:2,Microsoft.EntityFrameworkCore.DbSet`1<ClinicManagement.Domain.Entities.Doctor> ClinicManagement.Infrastructure.Data.ClinicManagementDbContext::get_Doctors()
DA:18,2
FN:18,Microsoft.EntityFrameworkCore.DbSet`1<ClinicManagement.Domain.Entities.Appointment> ClinicManagement.Infrastructure.Data.ClinicManagementDbContext::get_Appointments()
FNDA:2,Microsoft.EntityFrameworkCore.DbSet`1<ClinicManagement.Domain.Entities.Appointment> ClinicManagement.Infrastructure.Data.ClinicManagementDbContext::get_Appointments()
DA:19,2
FN:19,Microsoft.EntityFrameworkCore.DbSet`1<ClinicManagement.Domain.Entities.Bill> ClinicManagement.Infrastructure.Data.ClinicManagementDbContext::get_Bills()
FNDA:2,Microsoft.EntityFrameworkCore.DbSet`1<ClinicManagement.Domain.Entities.Bill> ClinicManagement.Infrastructure.Data.ClinicManagementDbContext::get_Bills()
DA:20,2
FN:22,System.Void ClinicManagement.Infrastructure.Data.ClinicManagementDbContext::OnModelCreating(Microsoft.EntityFrameworkCore.ModelBuilder)
FNDA:0,System.Void ClinicManagement.Infrastructure.Data.ClinicManagementDbContext::OnModelCreating(Microsoft.EntityFrameworkCore.ModelBuilder)
DA:23,0
DA:24,0
DA:26,0
DA:27,0
FN:11,System.Void ClinicManagement.Infrastructure.Data.ClinicManagementDbContext::.ctor(Microsoft.EntityFrameworkCore.DbContextOptions`1<ClinicManagement.Infrastructure.Data.ClinicManagementDbContext>)
FNDA:2,System.Void ClinicManagement.Infrastructure.Data.ClinicManagementDbContext::.ctor(Microsoft.EntityFrameworkCore.DbContextOptions`1<ClinicManagement.Infrastructure.Data.ClinicManagementDbContext>)
DA:12,2
DA:13,2
DA:14,2
LF:12
LH:8
BRF:0
BRH:0
FNF:7
FNH:6
end_of_record
SF:/modernize-data/studio-data/TNT1001/APP1459/transformed-code/492/studio-workspace/13Feb-rahul/src/ClinicManagement.Infrastructure/Data/Configurations/AppointmentConfiguration.cs
FN:12,System.Void ClinicManagement.Infrastructure.Data.Configurations.AppointmentConfiguration::Configure(Microsoft.EntityFrameworkCore.Metadata.Builders.EntityTypeBuilder`1<ClinicManagement.Domain.Entities.Appointment>)
FNDA:0,System.Void ClinicManagement.Infrastructure.Data.Configurations.AppointmentConfiguration::Configure(Microsoft.EntityFrameworkCore.Metadata.Builders.EntityTypeBuilder`1<ClinicManagement.Domain.Entities.Appointment>)
DA:13,0
DA:14,0
DA:16,0
DA:18,0
DA:19,0
DA:20,0
DA:21,0
DA:23,0
DA:24,0
DA:25,0
DA:26,0
DA:28,0
DA:29,0
DA:30,0
DA:32,0
DA:33,0
DA:35,0
DA:36,0
DA:37,0
DA:39,0
DA:40,0
DA:41,0
DA:43,0
DA:44,0
DA:45,0
DA:47,0
DA:48,0
DA:49,0
DA:50,0
DA:51,0
LF:30
LH:0
BRF:0
BRH:0
FNF:1
FNH:0
end_of_record
SF:/modernize-data/studio-data/TNT1001/APP1459/transformed-code/492/studio-workspace/13Feb-rahul/src/ClinicManagement.Infrastructure/Data/Configurations/BillConfiguration.cs
FN:12,System.Void ClinicManagement.Infrastructure.Data.Configurations.BillConfiguration::Configure(Microsoft.EntityFrameworkCore.Metadata.Builders.EntityTypeBuilder`1<ClinicManagement.Domain.Entities.Bill>)
FNDA:0,System.Void ClinicManagement.Infrastructure.Data.Configurations.BillConfiguration::Configure(Microsoft.EntityFrameworkCore.Metadata.Builders.EntityTypeBuilder`1<ClinicManagement.Domain.Entities.Bill>)
DA:13,0
DA:14,0
DA:16,0
DA:18,0
DA:19,0
DA:20,0
DA:21,0
DA:23,0
DA:24,0
DA:25,0
DA:27,0
DA:28,0
DA:29,0
DA:31,0
DA:32,0
DA:33,0
DA:35,0
DA:36,0
DA:37,0
DA:39,0
DA:40,0
DA:41,0
DA:43,0
DA:44,0
DA:45,0
DA:46,0
DA:47,0
LF:27
LH:0
BRF:0
BRH:0
FNF:1
FNH:0
end_of_record
SF:/modernize-data/studio-data/TNT1001/APP1459/transformed-code/492/studio-workspace/13Feb-rahul/src/ClinicManagement.Infrastructure/Data/Configurations/DoctorConfiguration.cs
FN:12,System.Void ClinicManagement.Infrastructure.Data.Configurations.DoctorConfiguration::Configure(Microsoft.EntityFrameworkCore.Metadata.Builders.EntityTypeBuilder`1<ClinicManagement.Domain.Entities.Doctor>)
FNDA:0,System.Void ClinicManagement.Infrastructure.Data.Configurations.DoctorConfiguration::Configure(Microsoft.EntityFrameworkCore.Metadata.Builders.EntityTypeBuilder`1<ClinicManagement.Domain.Entities.Doctor>)
DA:13,0
DA:14,0
DA:16,0
DA:18,0
DA:19,0
DA:20,0
DA:21,0
DA:23,0
DA:24,0
DA:25,0
DA:27,0
DA:28,0
DA:29,0
DA:31,0
DA:32,0
DA:34,0
DA:35,0
DA:36,0
DA:38,0
DA:39,0
DA:40,0
DA:42,0
DA:43,0
DA:44,0
DA:45,0
DA:46,0
LF:26
LH:0
BRF:0
BRH:0
FNF:1
FNH:0
end_of_record
SF:/modernize-data/studio-data/TNT1001/APP1459/transformed-code/492/studio-workspace/13Feb-rahul/src/ClinicManagement.Infrastructure/Data/Configurations/PatientConfiguration.cs
FN:12,System.Void ClinicManagement.Infrastructure.Data.Configurations.PatientConfiguration::Configure(Microsoft.EntityFrameworkCore.Metadata.Builders.EntityTypeBuilder`1<ClinicManagement.Domain.Entities.Patient>)
FNDA:0,System.Void ClinicManagement.Infrastructure.Data.Configurations.PatientConfiguration::Configure(Microsoft.EntityFrameworkCore.Metadata.Builders.EntityTypeBuilder`1<ClinicManagement.Domain.Entities.Patient>)
DA:13,0
DA:14,0
DA:16,0
DA:18,0
DA:19,0
DA:20,0
DA:21,0
DA:23,0
DA:24,0
DA:26,0
DA:27,0
DA:28,0
DA:30,0
DA:31,0
DA:32,0
DA:34,0
DA:35,0
DA:36,0
DA:37,0
DA:38,0
LF:20
LH:0
BRF:0
BRH:0
FNF:1
FNH:0
end_of_record
SF:/modernize-data/studio-data/TNT1001/APP1459/transformed-code/492/studio-workspace/13Feb-rahul/src/ClinicManagement.Infrastructure/Data/Configurations/UserConfiguration.cs
FN:12,System.Void ClinicManagement.Infrastructure.Data.Configurations.UserConfiguration::Configure(Microsoft.EntityFrameworkCore.Metadata.Builders.EntityTypeBuilder`1<ClinicManagement.Domain.Entities.User>)
FNDA:0,System.Void ClinicManagement.Infrastructure.Data.Configurations.UserConfiguration::Configure(Microsoft.EntityFrameworkCore.Metadata.Builders.EntityTypeBuilder`1<ClinicManagement.Domain.Entities.User>)
DA:13,0
DA:14,0
DA:16,0
DA:18,0
DA:19,0
DA:20,0
DA:22,0
DA:23,0
DA:24,0
DA:26,0
DA:27,0
DA:29,0
DA:30,0
DA:31,0
DA:33,0
DA:34,0
DA:35,0
DA:37,0
DA:38,0
DA:39,0
DA:41,0
DA:42,0
DA:43,0
DA:45,0
DA:46,0
DA:47,0
DA:49,0
DA:50,0
DA:51,0
DA:53,0
DA:54,0
DA:55,0
DA:57,0
DA:58,0
DA:59,0
DA:60,0
DA:61,0
LF:37
LH:0
BRF:0
BRH:0
FNF:1
FNH:0
end_of_record
SF:/modernize-data/studio-data/TNT1001/APP1459/transformed-code/492/studio-workspace/13Feb-rahul/src/ClinicManagement.Web/Program.cs
FN:4,System.Void Program::<Main>$(System.String[])
FNDA:1,System.Void Program::<Main>$(System.String[])
DA:5,1
DA:7,1
DA:8,1
DA:9,1
DA:10,1
DA:11,1
DA:12,1
DA:14,1
DA:16,1
DA:17,1
DA:19,1
DA:20,1
DA:21,1
DA:22,1
DA:23,1
DA:24,2
DA:26,1
DA:27,1
DA:29,1
DA:31,1
DA:32,0
DA:33,0
DA:34,0
DA:35,0
DA:37,1
DA:38,1
DA:40,1
DA:42,1
DA:44,1
DA:46,1
DA:48,2
DA:49,1
DA:51,1
BRDA:31,282,0,0
BRDA:31,282,1,1
LF:33
LH:29
BRF:2
BRH:1
FNF:1
FNH:1
end_of_record
SF:/modernize-data/studio-data/TNT1001/APP1459/transformed-code/492/studio-workspace/13Feb-rahul/src/ClinicManagement.Web/Pages/Index.cshtml.cs
FN:7,System.Void ClinicManagement.Web.Pages.IndexModel::OnGet()
FNDA:1,System.Void ClinicManagement.Web.Pages.IndexModel::OnGet()
DA:8,1
DA:9,1
LF:2
LH:2
BRF:0
BRH:0
FNF:1
FNH:1
end_of_record
SF:/modernize-data/studio-data/TNT1001/APP1459/transformed-code/492/studio-workspace/13Feb-rahul/src/ClinicManagement.Web/Pages/Index.cshtml
FN:3,System.Void ClinicManagement.Web.Pages.Pages_Index/<ExecuteAsync>d__11::MoveNext()
FNDA:1,System.Void ClinicManagement.Web.Pages.Pages_Index/<ExecuteAsync>d__11::MoveNext()
DA:4,1
BRDA:4,420,0,1
BRDA:4,420,1,1
BRDA:4,934,0,1
BRDA:4,934,1,1
LF:1
LH:1
BRF:4
BRH:4
FNF:1
FNH:1
end_of_record
SF:/modernize-data/studio-data/TNT1001/APP1459/transformed-code/492/studio-workspace/13Feb-rahul/src/ClinicManagement.Web/Pages/_ViewStart.cshtml
FN:1,System.Void ClinicManagement.Web.Pages.Pages__ViewStart/<ExecuteAsync>d__0::MoveNext()
FNDA:3,System.Void ClinicManagement.Web.Pages.Pages__ViewStart/<ExecuteAsync>d__0::MoveNext()
DA:2,3
LF:1
LH:1
BRF:0
BRH:0
FNF:1
FNH:1
end_of_record
SF:/modernize-data/studio-data/TNT1001/APP1459/transformed-code/492/studio-workspace/13Feb-rahul/src/ClinicManagement.Web/Pages/Patient/Home.cshtml.cs
FN:15,System.String ClinicManagement.Web.Pages.Patient.HomeModel::get_PatientName()
FNDA:0,System.String ClinicManagement.Web.Pages.Patient.HomeModel::get_PatientName()
DA:16,0
FN:10,System.Void ClinicManagement.Web.Pages.Patient.HomeModel::.ctor(ClinicManagement.Domain.Interfaces.Services.IUserService)
FNDA:0,System.Void ClinicManagement.Web.Pages.Patient.HomeModel::.ctor(ClinicManagement.Domain.Interfaces.Services.IUserService)
DA:11,0
DA:12,0
DA:13,0
DA:14,0
FN:18,System.Void ClinicManagement.Web.Pages.Patient.HomeModel/<OnGetAsync>d__6::MoveNext()
FNDA:0,System.Void ClinicManagement.Web.Pages.Patient.HomeModel/<OnGetAsync>d__6::MoveNext()
DA:19,0
DA:20,0
DA:22,0
DA:23,0
DA:24,0
DA:27,0
DA:29,0
DA:30,0
DA:31,0
DA:34,0
DA:36,0
DA:37,0
BRDA:22,66,0,0
BRDA:22,66,1,0
BRDA:29,256,0,0
BRDA:29,256,1,0
LF:17
LH:0
BRF:4
BRH:0
FNF:3
FNH:0
end_of_record
SF:/modernize-data/studio-data/TNT1001/APP1459/transformed-code/492/studio-workspace/13Feb-rahul/src/ClinicManagement.Web/Pages/Patient/Home.cshtml
FN:3,System.Void ClinicManagement.Web.Pages.Patient.Pages_Patient_Home/<ExecuteAsync>d__0::MoveNext()
FNDA:0,System.Void ClinicManagement.Web.Pages.Patient.Pages_Patient_Home/<ExecuteAsync>d__0::MoveNext()
DA:4,0
LF:1
LH:0
BRF:0
BRH:0
FNF:1
FNH:0
end_of_record
SF:/modernize-data/studio-data/TNT1001/APP1459/transformed-code/492/studio-workspace/13Feb-rahul/src/ClinicManagement.Web/Pages/Doctor/Home.cshtml.cs
FN:15,System.String ClinicManagement.Web.Pages.Doctor.HomeModel::get_DoctorName()
FNDA:0,System.String ClinicManagement.Web.Pages.Doctor.HomeModel::get_DoctorName()
DA:16,0
FN:10,System.Void ClinicManagement.Web.Pages.Doctor.HomeModel::.ctor(ClinicManagement.Domain.Interfaces.Services.IUserService)
FNDA:0,System.Void ClinicManagement.Web.Pages.Doctor.HomeModel::.ctor(ClinicManagement.Domain.Interfaces.Services.IUserService)
DA:11,0
DA:12,0
DA:13,0
DA:14,0
FN:18,System.Void ClinicManagement.Web.Pages.Doctor.HomeModel/<OnGetAsync>d__6::MoveNext()
FNDA:0,System.Void ClinicManagement.Web.Pages.Doctor.HomeModel/<OnGetAsync>d__6::MoveNext()
DA:19,0
DA:20,0
DA:22,0
DA:23,0
DA:24,0
DA:27,0
DA:29,0
DA:30,0
DA:31,0
DA:34,0
DA:36,0
DA:37,0
BRDA:22,66,0,0
BRDA:22,66,1,0
BRDA:29,256,0,0
BRDA:29,256,1,0
LF:17
LH:0
BRF:4
BRH:0
FNF:3
FNH:0
end_of_record
SF:/modernize-data/studio-data/TNT1001/APP1459/transformed-code/492/studio-workspace/13Feb-rahul/src/ClinicManagement.Web/Pages/Doctor/Home.cshtml
FN:3,System.Void ClinicManagement.Web.Pages.Doctor.Pages_Doctor_Home/<ExecuteAsync>d__0::MoveNext()
FNDA:0,System.Void ClinicManagement.Web.Pages.Doctor.Pages_Doctor_Home/<ExecuteAsync>d__0::MoveNext()
DA:4,0
LF:1
LH:0
BRF:0
BRH:0
FNF:1
FNH:0
end_of_record
SF:/modernize-data/studio-data/TNT1001/APP1459/transformed-code/492/studio-workspace/13Feb-rahul/src/ClinicManagement.Web/Pages/Admin/Home.cshtml.cs
FN:10,System.Void ClinicManagement.Web.Pages.Admin.HomeModel::.ctor(ClinicManagement.Domain.Interfaces.Services.IUserService)
FNDA:0,System.Void ClinicManagement.Web.Pages.Admin.HomeModel::.ctor(ClinicManagement.Domain.Interfaces.Services.IUserService)
DA:11,0
DA:12,0
DA:13,0
DA:14,0
FN:16,System.Void ClinicManagement.Web.Pages.Admin.HomeModel/<OnGetAsync>d__2::MoveNext()
FNDA:0,System.Void ClinicManagement.Web.Pages.Admin.HomeModel/<OnGetAsync>d__2::MoveNext()
DA:17,0
DA:18,0
DA:20,0
DA:21,0
DA:22,0
DA:25,0
DA:26,0
BRDA:20,56,0,0
BRDA:20,56,1,0
LF:11
LH:0
BRF:2
BRH:0
FNF:2
FNH:0
end_of_record
SF:/modernize-data/studio-data/TNT1001/APP1459/transformed-code/492/studio-workspace/13Feb-rahul/src/ClinicManagement.Web/Pages/Admin/Home.cshtml
FN:3,System.Void ClinicManagement.Web.Pages.Admin.Pages_Admin_Home/<ExecuteAsync>d__0::MoveNext()
FNDA:0,System.Void ClinicManagement.Web.Pages.Admin.Pages_Admin_Home/<ExecuteAsync>d__0::MoveNext()
DA:4,0
LF:1
LH:0
BRF:0
BRH:0
FNF:1
FNH:0
end_of_record
SF:/modernize-data/studio-data/TNT1001/APP1459/transformed-code/492/studio-workspace/13Feb-rahul/src/ClinicManagement.Web/Pages/Account/Login.cshtml.cs
FN:20,ClinicManagement.Web.Pages.Account.LoginModel/InputModel ClinicManagement.Web.Pages.Account.LoginModel::get_Input()
FNDA:3,ClinicManagement.Web.Pages.Account.LoginModel/InputModel ClinicManagement.Web.Pages.Account.LoginModel::get_Input()
DA:21,3
FN:34,System.Void ClinicManagement.Web.Pages.Account.LoginModel::OnGet()
FNDA:1,System.Void ClinicManagement.Web.Pages.Account.LoginModel::OnGet()
DA:35,1
DA:36,1
FN:13,System.Void ClinicManagement.Web.Pages.Account.LoginModel::.ctor(ClinicManagement.Domain.Interfaces.Services.IUserService,Microsoft.Extensions.Logging.ILogger`1<ClinicManagement.Web.Pages.Account.LoginModel>)
FNDA:1,System.Void ClinicManagement.Web.Pages.Account.LoginModel::.ctor(ClinicManagement.Domain.Interfaces.Services.IUserService,Microsoft.Extensions.Logging.ILogger`1<ClinicManagement.Web.Pages.Account.LoginModel>)
DA:14,1
DA:15,1
DA:16,1
DA:17,1
DA:18,1
FN:26,System.String ClinicManagement.Web.Pages.Account.LoginModel/InputModel::get_Email()
FNDA:2,System.String ClinicManagement.Web.Pages.Account.LoginModel/InputModel::get_Email()
DA:27,2
FN:30,System.String ClinicManagement.Web.Pages.Account.LoginModel/InputModel::get_Password()
FNDA:1,System.String ClinicManagement.Web.Pages.Account.LoginModel/InputModel::get_Password()
DA:31,1
FN:38,System.Void ClinicManagement.Web.Pages.Account.LoginModel/<OnPostAsync>d__9::MoveNext()
FNDA:0,System.Void ClinicManagement.Web.Pages.Account.LoginModel/<OnPostAsync>d__9::MoveNext()
DA:39,0
DA:40,0
DA:41,0
DA:42,0
DA:46,0
DA:47,0
DA:49,0
DA:50,0
DA:51,0
DA:52,0
DA:55,0
DA:56,0
DA:58,0
DA:59,0
DA:60,0
DA:61,0
DA:62,0
DA:63,0
DA:64,0
DA:66,0
DA:67,0
DA:68,0
DA:69,0
DA:70,0
DA:72,0
BRDA:40,36,0,0
BRDA:40,36,1,0
BRDA:49,295,0,0
BRDA:49,295,1,0
BRDA:49,313,0,0
BRDA:49,313,1,0
BRDA:58,469,1,0
BRDA:58,469,2,0
BRDA:58,469,3,0
BRDA:58,469,0,0
LF:35
LH:10
BRF:10
BRH:0
FNF:6
FNH:5
end_of_record
SF:/modernize-data/studio-data/TNT1001/APP1459/transformed-code/492/studio-workspace/13Feb-rahul/src/ClinicManagement.Web/Pages/Account/Register.cshtml.cs
FN:26,ClinicManagement.Web.Pages.Account.RegisterModel/InputModel ClinicManagement.Web.Pages.Account.RegisterModel::get_Input()
FNDA:13,ClinicManagement.Web.Pages.Account.RegisterModel/InputModel ClinicManagement.Web.Pages.Account.RegisterModel::get_Input()
DA:27,13
FN:60,System.Void ClinicManagement.Web.Pages.Account.RegisterModel::OnGet()
FNDA:1,System.Void ClinicManagement.Web.Pages.Account.RegisterModel::OnGet()
DA:61,1
DA:62,1
FN:18,System.Void ClinicManagement.Web.Pages.Account.RegisterModel::.ctor(ClinicManagement.Domain.Interfaces.Services.IUserService,ClinicManagement.Domain.Interfaces.Repositories.IPatientRepository,Microsoft.Extensions.Logging.ILogger`1<ClinicManagement.Web.Pages.Account.RegisterModel>)
FNDA:1,System.Void ClinicManagement.Web.Pages.Account.RegisterModel::.ctor(ClinicManagement.Domain.Interfaces.Services.IUserService,ClinicManagement.Domain.Interfaces.Repositories.IPatientRepository,Microsoft.Extensions.Logging.ILogger`1<ClinicManagement.Web.Pages.Account.RegisterModel>)
DA:19,1
DA:20,1
DA:21,1
DA:22,1
DA:23,1
DA:24,1
FN:32,System.String ClinicManagement.Web.Pages.Account.RegisterModel/InputModel::get_Name()
FNDA:2,System.String ClinicManagement.Web.Pages.Account.RegisterModel/InputModel::get_Name()
DA:33,2
FN:36,System.String ClinicManagement.Web.Pages.Account.RegisterModel/InputModel::get_Email()
FNDA:2,System.String ClinicManagement.Web.Pages.Account.RegisterModel/InputModel::get_Email()
DA:37,2
FN:41,System.String ClinicManagement.Web.Pages.Account.RegisterModel/InputModel::get_Password()
FNDA:1,System.String ClinicManagement.Web.Pages.Account.RegisterModel/InputModel::get_Password()
DA:42,1
FN:45,System.DateTime ClinicManagement.Web.Pages.Account.RegisterModel/InputModel::get_BirthDate()
FNDA:1,System.DateTime ClinicManagement.Web.Pages.Account.RegisterModel/InputModel::get_BirthDate()
DA:46,1
FN:49,System.String ClinicManagement.Web.Pages.Account.RegisterModel/InputModel::get_PhoneNo()
FNDA:2,System.String ClinicManagement.Web.Pages.Account.RegisterModel/InputModel::get_PhoneNo()
DA:50,2
FN:52,System.String ClinicManagement.Web.Pages.Account.RegisterModel/InputModel::get_Gender()
FNDA:2,System.String ClinicManagement.Web.Pages.Account.RegisterModel/InputModel::get_Gender()
DA:53,2
FN:56,System.String ClinicManagement.Web.Pages.Account.RegisterModel/InputModel::get_Address()
FNDA:2,System.String ClinicManagement.Web.Pages.Account.RegisterModel/InputModel::get_Address()
DA:57,2
FN:64,System.Void ClinicManagement.Web.Pages.Account.RegisterModel/<OnPostAsync>d__10::MoveNext()
FNDA:0,System.Void ClinicManagement.Web.Pages.Account.RegisterModel/<OnPostAsync>d__10::MoveNext()
DA:65,0
DA:66,0
DA:67,0
DA:68,0
DA:72,0
DA:73,0
DA:74,0
DA:75,0
DA:76,0
DA:77,0
DA:78,0
DA:79,0
DA:80,0
DA:81,0
DA:82,0
DA:83,0
DA:84,0
DA:85,0
DA:86,0
DA:88,0
DA:90,0
DA:91,0
DA:92,0
DA:93,0
DA:94,0
DA:95,0
DA:96,0
DA:98,0
DA:100,0
DA:101,0
DA:103,0
DA:105,0
DA:106,0
DA:107,0
DA:108,0
DA:109,0
DA:111,0
BRDA:66,37,0,0
BRDA:66,37,1,0
LF:53
LH:16
BRF:2
BRH:0
FNF:11
FNH:10
end_of_record
SF:/modernize-data/studio-data/TNT1001/APP1459/transformed-code/492/studio-workspace/13Feb-rahul/src/ClinicManagement.Web/Pages/Account/Login.cshtml
FN:3,System.Void ClinicManagement.Web.Pages.Account.Pages_Account_Login/<ExecuteAsync>d__21::MoveNext()
FNDA:1,System.Void ClinicManagement.Web.Pages.Account.Pages_Account_Login/<ExecuteAsync>d__21::MoveNext()
DA:4,1
BRDA:4,498,0,1
BRDA:4,498,1,1
BRDA:4,990,0,1
BRDA:4,990,1,1
LF:1
LH:1
BRF:4
BRH:4
FNF:1
FNH:1
end_of_record
SF:/modernize-data/studio-data/TNT1001/APP1459/transformed-code/492/studio-workspace/13Feb-rahul/src/ClinicManagement.Web/Pages/Account/Register.cshtml
FN:3,System.Void ClinicManagement.Web.Pages.Account.Pages_Account_Register/<ExecuteAsync>d__30::MoveNext()
FNDA:1,System.Void ClinicManagement.Web.Pages.Account.Pages_Account_Register/<ExecuteAsync>d__30::MoveNext()
DA:4,1
BRDA:4,498,0,1
BRDA:4,498,1,1
BRDA:4,990,0,1
BRDA:4,990,1,1
LF:1
LH:1
BRF:4
BRH:4
FNF:1
FNH:1
end_of_record
SF:/modernize-data/studio-data/TNT1001/APP1459/transformed-code/492/studio-workspace/13Feb-rahul/src/ClinicManagement.Domain/Exceptions/ClinicManagementException.cs
FN:7,System.Void ClinicManagement.Domain.Exceptions.ClinicManagementException::.ctor()
FNDA:0,System.Void ClinicManagement.Domain.Exceptions.ClinicManagementException::.ctor()
DA:8,0
DA:9,0
DA:10,0
FN:11,System.Void ClinicManagement.Domain.Exceptions.ClinicManagementException::.ctor(System.String)
FNDA:0,System.Void ClinicManagement.Domain.Exceptions.ClinicManagementException::.ctor(System.String)
DA:12,0
DA:13,0
DA:14,0
FN:15,System.Void ClinicManagement.Domain.Exceptions.ClinicManagementException::.ctor(System.String,System.Exception)
FNDA:0,System.Void ClinicManagement.Domain.Exceptions.ClinicManagementException::.ctor(System.String,System.Exception)
DA:16,0
DA:17,0
DA:18,0
FN:26,System.Void ClinicManagement.Domain.Exceptions.EntityNotFoundException::.ctor(System.String,System.Int32)
FNDA:0,System.Void ClinicManagement.Domain.Exceptions.EntityNotFoundException::.ctor(System.String,System.Int32)
DA:27,0
DA:28,0
DA:29,0
FN:36,System.Void ClinicManagement.Domain.Exceptions.ValidationException::.ctor(System.String)
FNDA:0,System.Void ClinicManagement.Domain.Exceptions.ValidationException::.ctor(System.String)
DA:37,0
DA:38,0
DA:39,0
LF:15
LH:0
BRF:0
BRH:0
FNF:5
FNH:0
end_of_record
SF:/modernize-data/studio-data/TNT1001/APP1459/transformed-code/492/studio-workspace/13Feb-rahul/src/ClinicManagement.Domain/Entities/Appointment.cs
FN:12,System.Int32 ClinicManagement.Domain.Entities.Appointment::get_Id()
FNDA:0,System.Int32 ClinicManagement.Domain.Entities.Appointment::get_Id()
DA:13,0
FN:17,System.Int32 ClinicManagement.Domain.Entities.Appointment::get_PatientId()
FNDA:0,System.Int32 ClinicManagement.Domain.Entities.Appointment::get_PatientId()
DA:18,0
FN:22,ClinicManagement.Domain.Entities.Patient ClinicManagement.Domain.Entities.Appointment::get_Patient()
FNDA:0,ClinicManagement.Domain.Entities.Patient ClinicManagement.Domain.Entities.Appointment::get_Patient()
DA:23,0
FN:27,System.Int32 ClinicManagement.Domain.Entities.Appointment::get_DoctorId()
FNDA:0,System.Int32 ClinicManagement.Domain.Entities.Appointment::get_DoctorId()
DA:28,0
FN:32,ClinicManagement.Domain.Entities.Doctor ClinicManagement.Domain.Entities.Appointment::get_Doctor()
FNDA:0,ClinicManagement.Domain.Entities.Doctor ClinicManagement.Domain.Entities.Appointment::get_Doctor()
DA:33,0
FN:37,System.DateTime ClinicManagement.Domain.Entities.Appointment::get_AppointmentDate()
FNDA:0,System.DateTime ClinicManagement.Domain.Entities.Appointment::get_AppointmentDate()
DA:38,0
FN:42,System.String ClinicManagement.Domain.Entities.Appointment::get_Reason()
FNDA:0,System.String ClinicManagement.Domain.Entities.Appointment::get_Reason()
DA:43,0
FN:47,ClinicManagement.Domain.Enums.AppointmentStatus ClinicManagement.Domain.Entities.Appointment::get_Status()
FNDA:0,ClinicManagement.Domain.Enums.AppointmentStatus ClinicManagement.Domain.Entities.Appointment::get_Status()
DA:48,0
FN:52,System.String ClinicManagement.Domain.Entities.Appointment::get_Notes()
FNDA:0,System.String ClinicManagement.Domain.Entities.Appointment::get_Notes()
DA:53,0
FN:57,System.DateTime ClinicManagement.Domain.Entities.Appointment::get_CreatedDate()
FNDA:0,System.DateTime ClinicManagement.Domain.Entities.Appointment::get_CreatedDate()
DA:58,0
FN:62,System.Nullable`1<System.DateTime> ClinicManagement.Domain.Entities.Appointment::get_ModifiedDate()
FNDA:0,System.Nullable`1<System.DateTime> ClinicManagement.Domain.Entities.Appointment::get_ModifiedDate()
DA:63,0
FN:67,System.Boolean ClinicManagement.Domain.Entities.Appointment::get_IsActive()
FNDA:0,System.Boolean ClinicManagement.Domain.Entities.Appointment::get_IsActive()
DA:68,0
FN:72,System.String ClinicManagement.Domain.Entities.Appointment::get_CreatedBy()
FNDA:0,System.String ClinicManagement.Domain.Entities.Appointment::get_CreatedBy()
DA:73,0
FN:77,System.String ClinicManagement.Domain.Entities.Appointment::get_ModifiedBy()
FNDA:0,System.String ClinicManagement.Domain.Entities.Appointment::get_ModifiedBy()
DA:78,0
LF:14
LH:0
BRF:0
BRH:0
FNF:14
FNH:0
end_of_record
SF:/modernize-data/studio-data/TNT1001/APP1459/transformed-code/492/studio-workspace/13Feb-rahul/src/ClinicManagement.Domain/Entities/Bill.cs
FN:10,System.Int32 ClinicManagement.Domain.Entities.Bill::get_Id()
FNDA:0,System.Int32 ClinicManagement.Domain.Entities.Bill::get_Id()
DA:11,0
FN:15,System.Int32 ClinicManagement.Domain.Entities.Bill::get_AppointmentId()
FNDA:0,System.Int32 ClinicManagement.Domain.Entities.Bill::get_AppointmentId()
DA:16,0
FN:20,ClinicManagement.Domain.Entities.Appointment ClinicManagement.Domain.Entities.Bill::get_Appointment()
FNDA:0,ClinicManagement.Domain.Entities.Appointment ClinicManagement.Domain.Entities.Bill::get_Appointment()
DA:21,0
FN:25,System.Decimal ClinicManagement.Domain.Entities.Bill::get_Amount()
FNDA:0,System.Decimal ClinicManagement.Domain.Entities.Bill::get_Amount()
DA:26,0
FN:30,System.String ClinicManagement.Domain.Entities.Bill::get_Description()
FNDA:0,System.String ClinicManagement.Domain.Entities.Bill::get_Description()
DA:31,0
FN:35,System.Boolean ClinicManagement.Domain.Entities.Bill::get_IsPaid()
FNDA:0,System.Boolean ClinicManagement.Domain.Entities.Bill::get_IsPaid()
DA:36,0
FN:40,System.DateTime ClinicManagement.Domain.Entities.Bill::get_CreatedDate()
FNDA:0,System.DateTime ClinicManagement.Domain.Entities.Bill::get_CreatedDate()
DA:41,0
FN:45,System.Nullable`1<System.DateTime> ClinicManagement.Domain.Entities.Bill::get_ModifiedDate()
FNDA:0,System.Nullable`1<System.DateTime> ClinicManagement.Domain.Entities.Bill::get_ModifiedDate()
DA:46,0
FN:50,System.Boolean ClinicManagement.Domain.Entities.Bill::get_IsActive()
FNDA:0,System.Boolean ClinicManagement.Domain.Entities.Bill::get_IsActive()
DA:51,0
FN:55,System.String ClinicManagement.Domain.Entities.Bill::get_CreatedBy()
FNDA:0,System.String ClinicManagement.Domain.Entities.Bill::get_CreatedBy()
DA:56,0
FN:60,System.String ClinicManagement.Domain.Entities.Bill::get_ModifiedBy()
FNDA:0,System.String ClinicManagement.Domain.Entities.Bill::get_ModifiedBy()
DA:61,0
LF:11
LH:0
BRF:0
BRH:0
FNF:11
FNH:0
end_of_record
SF:/modernize-data/studio-data/TNT1001/APP1459/transformed-code/492/studio-workspace/13Feb-rahul/src/ClinicManagement.Domain/Entities/Doctor.cs
FN:10,System.Int32 ClinicManagement.Domain.Entities.Doctor::get_Id()
FNDA:0,System.Int32 ClinicManagement.Domain.Entities.Doctor::get_Id()
DA:11,0
FN:15,System.Int32 ClinicManagement.Domain.Entities.Doctor::get_UserId()
FNDA:0,System.Int32 ClinicManagement.Domain.Entities.Doctor::get_UserId()
DA:16,0
FN:20,ClinicManagement.Domain.Entities.User ClinicManagement.Domain.Entities.Doctor::get_User()
FNDA:0,ClinicManagement.Domain.Entities.User ClinicManagement.Domain.Entities.Doctor::get_User()
DA:21,0
FN:25,System.String ClinicManagement.Domain.Entities.Doctor::get_Specialization()
FNDA:0,System.String ClinicManagement.Domain.Entities.Doctor::get_Specialization()
DA:26,0
FN:30,System.String ClinicManagement.Domain.Entities.Doctor::get_Qualification()
FNDA:0,System.String ClinicManagement.Domain.Entities.Doctor::get_Qualification()
DA:31,0
FN:35,System.Int32 ClinicManagement.Domain.Entities.Doctor::get_Experience()
FNDA:0,System.Int32 ClinicManagement.Domain.Entities.Doctor::get_Experience()
DA:36,0
FN:40,System.String ClinicManagement.Domain.Entities.Doctor::get_Description()
FNDA:0,System.String ClinicManagement.Domain.Entities.Doctor::get_Description()
DA:41,0
FN:45,System.DateTime ClinicManagement.Domain.Entities.Doctor::get_CreatedDate()
FNDA:0,System.DateTime ClinicManagement.Domain.Entities.Doctor::get_CreatedDate()
DA:46,0
FN:50,System.Nullable`1<System.DateTime> ClinicManagement.Domain.Entities.Doctor::get_ModifiedDate()
FNDA:0,System.Nullable`1<System.DateTime> ClinicManagement.Domain.Entities.Doctor::get_ModifiedDate()
DA:51,0
FN:55,System.Boolean ClinicManagement.Domain.Entities.Doctor::get_IsActive()
FNDA:0,System.Boolean ClinicManagement.Domain.Entities.Doctor::get_IsActive()
DA:56,0
FN:60,System.String ClinicManagement.Domain.Entities.Doctor::get_CreatedBy()
FNDA:0,System.String ClinicManagement.Domain.Entities.Doctor::get_CreatedBy()
DA:61,0
FN:65,System.String ClinicManagement.Domain.Entities.Doctor::get_ModifiedBy()
FNDA:0,System.String ClinicManagement.Domain.Entities.Doctor::get_ModifiedBy()
DA:66,0
FN:70,System.Collections.Generic.ICollection`1<ClinicManagement.Domain.Entities.Appointment> ClinicManagement.Domain.Entities.Doctor::get_Appointments()
FNDA:0,System.Collections.Generic.ICollection`1<ClinicManagement.Domain.Entities.Appointment> ClinicManagement.Domain.Entities.Doctor::get_Appointments()
DA:71,0
LF:13
LH:0
BRF:0
BRH:0
FNF:13
FNH:0
end_of_record
SF:/modernize-data/studio-data/TNT1001/APP1459/transformed-code/492/studio-workspace/13Feb-rahul/src/ClinicManagement.Domain/Entities/Patient.cs
FN:10,System.Int32 ClinicManagement.Domain.Entities.Patient::get_Id()
FNDA:0,System.Int32 ClinicManagement.Domain.Entities.Patient::get_Id()
DA:11,0
FN:15,System.Int32 ClinicManagement.Domain.Entities.Patient::get_UserId()
FNDA:0,System.Int32 ClinicManagement.Domain.Entities.Patient::get_UserId()
DA:16,0
FN:20,ClinicManagement.Domain.Entities.User ClinicManagement.Domain.Entities.Patient::get_User()
FNDA:0,ClinicManagement.Domain.Entities.User ClinicManagement.Domain.Entities.Patient::get_User()
DA:21,0
FN:25,System.String ClinicManagement.Domain.Entities.Patient::get_MedicalHistory()
FNDA:0,System.String ClinicManagement.Domain.Entities.Patient::get_MedicalHistory()
DA:26,0
FN:30,System.DateTime ClinicManagement.Domain.Entities.Patient::get_CreatedDate()
FNDA:0,System.DateTime ClinicManagement.Domain.Entities.Patient::get_CreatedDate()
DA:31,0
FN:35,System.Nullable`1<System.DateTime> ClinicManagement.Domain.Entities.Patient::get_ModifiedDate()
FNDA:0,System.Nullable`1<System.DateTime> ClinicManagement.Domain.Entities.Patient::get_ModifiedDate()
DA:36,0
FN:40,System.Boolean ClinicManagement.Domain.Entities.Patient::get_IsActive()
FNDA:0,System.Boolean ClinicManagement.Domain.Entities.Patient::get_IsActive()
DA:41,0
FN:45,System.String ClinicManagement.Domain.Entities.Patient::get_CreatedBy()
FNDA:0,System.String ClinicManagement.Domain.Entities.Patient::get_CreatedBy()
DA:46,0
FN:50,System.String ClinicManagement.Domain.Entities.Patient::get_ModifiedBy()
FNDA:0,System.String ClinicManagement.Domain.Entities.Patient::get_ModifiedBy()
DA:51,0
FN:55,System.Collections.Generic.ICollection`1<ClinicManagement.Domain.Entities.Appointment> ClinicManagement.Domain.Entities.Patient::get_Appointments()
FNDA:0,System.Collections.Generic.ICollection`1<ClinicManagement.Domain.Entities.Appointment> ClinicManagement.Domain.Entities.Patient::get_Appointments()
DA:56,0
LF:10
LH:0
BRF:0
BRH:0
FNF:10
FNH:0
end_of_record
SF:/modernize-data/studio-data/TNT1001/APP1459/transformed-code/492/studio-workspace/13Feb-rahul/src/ClinicManagement.Domain/Entities/User.cs
FN:12,System.Int32 ClinicManagement.Domain.Entities.User::get_Id()
FNDA:0,System.Int32 ClinicManagement.Domain.Entities.User::get_Id()
DA:13,0
FN:17,System.String ClinicManagement.Domain.Entities.User::get_Name()
FNDA:0,System.String ClinicManagement.Domain.Entities.User::get_Name()
DA:18,0
FN:22,System.String ClinicManagement.Domain.Entities.User::get_Email()
FNDA:0,System.String ClinicManagement.Domain.Entities.User::get_Email()
DA:23,0
FN:27,System.String ClinicManagement.Domain.Entities.User::get_Password()
FNDA:0,System.String ClinicManagement.Domain.Entities.User::get_Password()
DA:28,0
FN:32,System.DateTime ClinicManagement.Domain.Entities.User::get_BirthDate()
FNDA:0,System.DateTime ClinicManagement.Domain.Entities.User::get_BirthDate()
DA:33,0
FN:37,System.String ClinicManagement.Domain.Entities.User::get_PhoneNo()
FNDA:0,System.String ClinicManagement.Domain.Entities.User::get_PhoneNo()
DA:38,0
FN:42,System.String ClinicManagement.Domain.Entities.User::get_Gender()
FNDA:0,System.String ClinicManagement.Domain.Entities.User::get_Gender()
DA:43,0
FN:47,System.String ClinicManagement.Domain.Entities.User::get_Address()
FNDA:0,System.String ClinicManagement.Domain.Entities.User::get_Address()
DA:48,0
FN:52,ClinicManagement.Domain.Enums.UserType ClinicManagement.Domain.Entities.User::get_UserType()
FNDA:0,ClinicManagement.Domain.Enums.UserType ClinicManagement.Domain.Entities.User::get_UserType()
DA:53,0
FN:57,System.DateTime ClinicManagement.Domain.Entities.User::get_CreatedDate()
FNDA:0,System.DateTime ClinicManagement.Domain.Entities.User::get_CreatedDate()
DA:58,0
FN:62,System.Nullable`1<System.DateTime> ClinicManagement.Domain.Entities.User::get_ModifiedDate()
FNDA:0,System.Nullable`1<System.DateTime> ClinicManagement.Domain.Entities.User::get_ModifiedDate()
DA:63,0
FN:67,System.Boolean ClinicManagement.Domain.Entities.User::get_IsActive()
FNDA:0,System.Boolean ClinicManagement.Domain.Entities.User::get_IsActive()
DA:68,0
FN:72,System.String ClinicManagement.Domain.Entities.User::get_CreatedBy()
FNDA:0,System.String ClinicManagement.Domain.Entities.User::get_CreatedBy()
DA:73,0
FN:77,System.String ClinicManagement.Domain.Entities.User::get_ModifiedBy()
FNDA:0,System.String ClinicManagement.Domain.Entities.User::get_ModifiedBy()
DA:78,0
LF:14
LH:0
BRF:0
BRH:0
FNF:14
FNH:0
end_of_record