SF:/modernize-data/studio-data/TNT1001/APP1459/transformed-code/492/studio-workspace/13Feb-rahul/src/ClinicManagement.Application/Services/UserService.cs
FN:16,System.Void ClinicManagement.Application.Services.UserService::.ctor(ClinicManagement.Domain.Interfaces.Repositories.IUserRepository,Microsoft.Extensions.Logging.ILogger`1<ClinicManagement.Application.Services.UserService>)
FNDA:2,System.Void ClinicManagement.Application.Services.UserService::.ctor(ClinicManagement.Domain.Interfaces.Repositories.IUserRepository,Microsoft.Extensions.Logging.ILogger`1<ClinicManagement.Application.Services.UserService>)
DA:17,2
DA:18,2
DA:19,2
DA:20,2
DA:21,2
FN:51,System.Void ClinicManagement.Application.Services.UserService/<CreateAsync>d__5::MoveNext()
FNDA:0,System.Void ClinicManagement.Application.Services.UserService/<CreateAsync>d__5::MoveNext()
DA:52,0
DA:54,0
DA:55,0
DA:57,0
DA:58,0
DA:59,0
DA:60,0
DA:63,0
DA:65,0
DA:66,0
DA:67,0
DA:69,0
DA:70,0
DA:71,0
DA:72,0
DA:74,0
BRDA:58,241,0,0
BRDA:58,241,1,0
FN:102,System.Void ClinicManagement.Application.Services.UserService/<DeleteAsync>d__7::MoveNext()
FNDA:0,System.Void ClinicManagement.Application.Services.UserService/<DeleteAsync>d__7::MoveNext()
DA:103,0
DA:105,0
DA:106,0
DA:108,0
DA:109,0
DA:110,0
DA:111,0
DA:114,0
DA:115,0
DA:116,0
DA:117,0
DA:118,0
DA:120,0
DA:121,0
DA:122,0
DA:123,0
DA:125,0
BRDA:109,234,0,0
BRDA:109,234,1,0
FN:23,System.Void ClinicManagement.Application.Services.UserService/<GetAllAsync>d__3::MoveNext()
FNDA:1,System.Void ClinicManagement.Application.Services.UserService/<GetAllAsync>d__3::MoveNext()
DA:24,1
DA:26,1
DA:27,1
DA:28,1
DA:30,0
DA:31,0
DA:32,0
DA:33,0
DA:35,1
FN:37,System.Void ClinicManagement.Application.Services.UserService/<GetByIdAsync>d__4::MoveNext()
FNDA:1,System.Void ClinicManagement.Application.Services.UserService/<GetByIdAsync>d__4::MoveNext()
DA:38,1
DA:40,1
DA:41,1
DA:42,1
DA:44,0
DA:45,0
DA:46,0
DA:47,0
DA:49,1
FN:127,System.Void ClinicManagement.Application.Services.UserService/<SearchAsync>d__8::MoveNext()
FNDA:0,System.Void ClinicManagement.Application.Services.UserService/<SearchAsync>d__8::MoveNext()
DA:128,0
DA:130,0
DA:131,0
DA:132,0
DA:134,0
DA:135,0
DA:136,0
DA:137,0
DA:139,0
FN:76,System.Void ClinicManagement.Application.Services.UserService/<UpdateAsync>d__6::MoveNext()
FNDA:0,System.Void ClinicManagement.Application.Services.UserService/<UpdateAsync>d__6::MoveNext()
DA:77,0
DA:79,0
DA:80,0
DA:82,0
DA:83,0
DA:84,0
DA:85,0
DA:88,0
DA:89,0
DA:90,0
DA:91,0
DA:92,0
DA:93,0
DA:95,0
DA:96,0
DA:97,0
DA:98,0
DA:100,0
BRDA:83,234,0,0
BRDA:83,234,1,0
FN:141,System.Void ClinicManagement.Application.Services.UserService/<ValidateLoginAsync>d__9::MoveNext()
FNDA:0,System.Void ClinicManagement.Application.Services.UserService/<ValidateLoginAsync>d__9::MoveNext()
DA:142,0
DA:144,0
DA:145,0
DA:146,0
DA:147,0
DA:149,0
DA:150,0
DA:151,0
DA:152,0
DA:154,0
LF:93
LH:15
BRF:6
BRH:0
FNF:8
FNH:3
end_of_record
SF:/modernize-data/studio-data/TNT1001/APP1459/transformed-code/492/studio-workspace/13Feb-rahul/src/ClinicManagement.Application/Mappings/MappingProfile.cs
FN:11,System.Void ClinicManagement.Application.Mappings.MappingProfile::.ctor()
FNDA:0,System.Void ClinicManagement.Application.Mappings.MappingProfile::.ctor()
DA:12,0
DA:13,0
DA:14,0
DA:15,0
DA:16,0
DA:17,0
DA:18,0
DA:19,0
DA:21,0
DA:22,0
DA:23,0
DA:24,0
DA:25,0
DA:26,0
DA:27,0
LF:15
LH:0
BRF:0
BRH:0
FNF:1
FNH:0
end_of_record
SF:/modernize-data/studio-data/TNT1001/APP1459/transformed-code/492/studio-workspace/13Feb-rahul/src/ClinicManagement.Application/Extensions/ServiceCollectionExtensions.cs
FN:15,Microsoft.Extensions.DependencyInjection.IServiceCollection ClinicManagement.Application.Extensions.ServiceCollectionExtensions::AddApplication(Microsoft.Extensions.DependencyInjection.IServiceCollection)
FNDA:0,Microsoft.Extensions.DependencyInjection.IServiceCollection ClinicManagement.Application.Extensions.ServiceCollectionExtensions::AddApplication(Microsoft.Extensions.DependencyInjection.IServiceCollection)
DA:16,0
DA:17,0
DA:18,0
DA:20,0
DA:21,0
LF:5
LH:0
BRF:0
BRH:0
FNF:1
FNH:0
end_of_record
SF:/modernize-data/studio-data/TNT1001/APP1459/transformed-code/492/studio-workspace/13Feb-rahul/src/ClinicManagement.Application/DTOs/UserDto.cs
FN:9,System.Int32 ClinicManagement.Application.DTOs.UserDto::get_Id()
FNDA:0,System.Int32 ClinicManagement.Application.DTOs.UserDto::get_Id()
DA:10,0
FN:10,System.String ClinicManagement.Application.DTOs.UserDto::get_Name()
FNDA:0,System.String ClinicManagement.Application.DTOs.UserDto::get_Name()
DA:11,0
FN:11,System.String ClinicManagement.Application.DTOs.UserDto::get_Email()
FNDA:0,System.String ClinicManagement.Application.DTOs.UserDto::get_Email()
DA:12,0
FN:12,System.DateTime ClinicManagement.Application.DTOs.UserDto::get_BirthDate()
FNDA:0,System.DateTime ClinicManagement.Application.DTOs.UserDto::get_BirthDate()
DA:13,0
FN:13,System.String ClinicManagement.Application.DTOs.UserDto::get_PhoneNo()
FNDA:0,System.String ClinicManagement.Application.DTOs.UserDto::get_PhoneNo()
DA:14,0
FN:14,System.String ClinicManagement.Application.DTOs.UserDto::get_Gender()
FNDA:0,System.String ClinicManagement.Application.DTOs.UserDto::get_Gender()
DA:15,0
FN:15,System.String ClinicManagement.Application.DTOs.UserDto::get_Address()
FNDA:0,System.String ClinicManagement.Application.DTOs.UserDto::get_Address()
DA:16,0
FN:16,ClinicManagement.Domain.Enums.UserType ClinicManagement.Application.DTOs.UserDto::get_UserType()
FNDA:0,ClinicManagement.Domain.Enums.UserType ClinicManagement.Application.DTOs.UserDto::get_UserType()
DA:17,0
FN:17,System.Boolean ClinicManagement.Application.DTOs.UserDto::get_IsActive()
FNDA:0,System.Boolean ClinicManagement.Application.DTOs.UserDto::get_IsActive()
DA:18,0
FN:18,System.DateTime ClinicManagement.Application.DTOs.UserDto::get_CreatedDate()
FNDA:0,System.DateTime ClinicManagement.Application.DTOs.UserDto::get_CreatedDate()
DA:19,0
FN:26,System.String ClinicManagement.Application.DTOs.UserCreateDto::get_Name()
FNDA:0,System.String ClinicManagement.Application.DTOs.UserCreateDto::get_Name()
DA:27,0
FN:27,System.String ClinicManagement.Application.DTOs.UserCreateDto::get_Email()
FNDA:0,System.String ClinicManagement.Application.DTOs.UserCreateDto::get_Email()
DA:28,0
FN:28,System.String ClinicManagement.Application.DTOs.UserCreateDto::get_Password()
FNDA:0,System.String ClinicManagement.Application.DTOs.UserCreateDto::get_Password()
DA:29,0
FN:29,System.DateTime ClinicManagement.Application.DTOs.UserCreateDto::get_BirthDate()
FNDA:0,System.DateTime ClinicManagement.Application.DTOs.UserCreateDto::get_BirthDate()
DA:30,0
FN:30,System.String ClinicManagement.Application.DTOs.UserCreateDto::get_PhoneNo()
FNDA:0,System.String ClinicManagement.Application.DTOs.UserCreateDto::get_PhoneNo()
DA:31,0
FN:31,System.String ClinicManagement.Application.DTOs.UserCreateDto::get_Gender()
FNDA:0,System.String ClinicManagement.Application.DTOs.UserCreateDto::get_Gender()
DA:32,0
FN:32,System.String ClinicManagement.Application.DTOs.UserCreateDto::get_Address()
FNDA:0,System.String ClinicManagement.Application.DTOs.UserCreateDto::get_Address()
DA:33,0
FN:33,ClinicManagement.Domain.Enums.UserType ClinicManagement.Application.DTOs.UserCreateDto::get_UserType()
FNDA:0,ClinicManagement.Domain.Enums.UserType ClinicManagement.Application.DTOs.UserCreateDto::get_UserType()
DA:34,0
FN:41,System.String ClinicManagement.Application.DTOs.UserUpdateDto::get_Name()
FNDA:0,System.String ClinicManagement.Application.DTOs.UserUpdateDto::get_Name()
DA:42,0
FN:42,System.String ClinicManagement.Application.DTOs.UserUpdateDto::get_Email()
FNDA:0,System.String ClinicManagement.Application.DTOs.UserUpdateDto::get_Email()
DA:43,0
FN:43,System.DateTime ClinicManagement.Application.DTOs.UserUpdateDto::get_BirthDate()
FNDA:0,System.DateTime ClinicManagement.Application.DTOs.UserUpdateDto::get_BirthDate()
DA:44,0
FN:44,System.String ClinicManagement.Application.DTOs.UserUpdateDto::get_PhoneNo()
FNDA:0,System.String ClinicManagement.Application.DTOs.UserUpdateDto::get_PhoneNo()
DA:45,0
FN:45,System.String ClinicManagement.Application.DTOs.UserUpdateDto::get_Gender()
FNDA:0,System.String ClinicManagement.Application.DTOs.UserUpdateDto::get_Gender()
DA:46,0
FN:46,System.String ClinicManagement.Application.DTOs.UserUpdateDto::get_Address()
FNDA:0,System.String ClinicManagement.Application.DTOs.UserUpdateDto::get_Address()
DA:47,0
FN:54,System.String ClinicManagement.Application.DTOs.LoginDto::get_Email()
FNDA:0,System.String ClinicManagement.Application.DTOs.LoginDto::get_Email()
DA:55,0
FN:55,System.String ClinicManagement.Application.DTOs.LoginDto::get_Password()
FNDA:0,System.String ClinicManagement.Application.DTOs.LoginDto::get_Password()
DA:56,0
FN:63,System.Boolean ClinicManagement.Application.DTOs.LoginResponseDto::get_Success()
FNDA:0,System.Boolean ClinicManagement.Application.DTOs.LoginResponseDto::get_Success()
DA:64,0
FN:64,System.Int32 ClinicManagement.Application.DTOs.LoginResponseDto::get_UserId()
FNDA:0,System.Int32 ClinicManagement.Application.DTOs.LoginResponseDto::get_UserId()
DA:65,0
FN:65,ClinicManagement.Domain.Enums.UserType ClinicManagement.Application.DTOs.LoginResponseDto::get_UserType()
FNDA:0,ClinicManagement.Domain.Enums.UserType ClinicManagement.Application.DTOs.LoginResponseDto::get_UserType()
DA:66,0
FN:66,System.String ClinicManagement.Application.DTOs.LoginResponseDto::get_Message()
FNDA:0,System.String ClinicManagement.Application.DTOs.LoginResponseDto::get_Message()
DA:67,0
LF:30
LH:0
BRF:0
BRH:0
FNF:30
FNH:0
end_of_record
SF:/modernize-data/studio-data/TNT1001/APP1459/transformed-code/492/studio-workspace/13Feb-rahul/src/ClinicManagement.Domain/Exceptions/ClinicManagementException.cs
FN:7,System.Void ClinicManagement.Domain.Exceptions.ClinicManagementException::.ctor()
FNDA:0,System.Void ClinicManagement.Domain.Exceptions.ClinicManagementException::.ctor()
DA:8,0
DA:9,0
DA:10,0
FN:11,System.Void ClinicManagement.Domain.Exceptions.ClinicManagementException::.ctor(System.String)
FNDA:0,System.Void ClinicManagement.Domain.Exceptions.ClinicManagementException::.ctor(System.String)
DA:12,0
DA:13,0
DA:14,0
FN:15,System.Void ClinicManagement.Domain.Exceptions.ClinicManagementException::.ctor(System.String,System.Exception)
FNDA:0,System.Void ClinicManagement.Domain.Exceptions.ClinicManagementException::.ctor(System.String,System.Exception)
DA:16,0
DA:17,0
DA:18,0
FN:26,System.Void ClinicManagement.Domain.Exceptions.EntityNotFoundException::.ctor(System.String,System.Int32)
FNDA:0,System.Void ClinicManagement.Domain.Exceptions.EntityNotFoundException::.ctor(System.String,System.Int32)
DA:27,0
DA:28,0
DA:29,0
FN:36,System.Void ClinicManagement.Domain.Exceptions.ValidationException::.ctor(System.String)
FNDA:0,System.Void ClinicManagement.Domain.Exceptions.ValidationException::.ctor(System.String)
DA:37,0
DA:38,0
DA:39,0
LF:15
LH:0
BRF:0
BRH:0
FNF:5
FNH:0
end_of_record
SF:/modernize-data/studio-data/TNT1001/APP1459/transformed-code/492/studio-workspace/13Feb-rahul/src/ClinicManagement.Domain/Entities/Appointment.cs
FN:12,System.Int32 ClinicManagement.Domain.Entities.Appointment::get_Id()
FNDA:0,System.Int32 ClinicManagement.Domain.Entities.Appointment::get_Id()
DA:13,0
FN:17,System.Int32 ClinicManagement.Domain.Entities.Appointment::get_PatientId()
FNDA:0,System.Int32 ClinicManagement.Domain.Entities.Appointment::get_PatientId()
DA:18,0
FN:22,ClinicManagement.Domain.Entities.Patient ClinicManagement.Domain.Entities.Appointment::get_Patient()
FNDA:0,ClinicManagement.Domain.Entities.Patient ClinicManagement.Domain.Entities.Appointment::get_Patient()
DA:23,0
FN:27,System.Int32 ClinicManagement.Domain.Entities.Appointment::get_DoctorId()
FNDA:0,System.Int32 ClinicManagement.Domain.Entities.Appointment::get_DoctorId()
DA:28,0
FN:32,ClinicManagement.Domain.Entities.Doctor ClinicManagement.Domain.Entities.Appointment::get_Doctor()
FNDA:0,ClinicManagement.Domain.Entities.Doctor ClinicManagement.Domain.Entities.Appointment::get_Doctor()
DA:33,0
FN:37,System.DateTime ClinicManagement.Domain.Entities.Appointment::get_AppointmentDate()
FNDA:0,System.DateTime ClinicManagement.Domain.Entities.Appointment::get_AppointmentDate()
DA:38,0
FN:42,System.String ClinicManagement.Domain.Entities.Appointment::get_Reason()
FNDA:0,System.String ClinicManagement.Domain.Entities.Appointment::get_Reason()
DA:43,0
FN:47,ClinicManagement.Domain.Enums.AppointmentStatus ClinicManagement.Domain.Entities.Appointment::get_Status()
FNDA:0,ClinicManagement.Domain.Enums.AppointmentStatus ClinicManagement.Domain.Entities.Appointment::get_Status()
DA:48,0
FN:52,System.String ClinicManagement.Domain.Entities.Appointment::get_Notes()
FNDA:0,System.String ClinicManagement.Domain.Entities.Appointment::get_Notes()
DA:53,0
FN:57,System.DateTime ClinicManagement.Domain.Entities.Appointment::get_CreatedDate()
FNDA:0,System.DateTime ClinicManagement.Domain.Entities.Appointment::get_CreatedDate()
DA:58,0
FN:62,System.Nullable`1<System.DateTime> ClinicManagement.Domain.Entities.Appointment::get_ModifiedDate()
FNDA:0,System.Nullable`1<System.DateTime> ClinicManagement.Domain.Entities.Appointment::get_ModifiedDate()
DA:63,0
FN:67,System.Boolean ClinicManagement.Domain.Entities.Appointment::get_IsActive()
FNDA:0,System.Boolean ClinicManagement.Domain.Entities.Appointment::get_IsActive()
DA:68,0
FN:72,System.String ClinicManagement.Domain.Entities.Appointment::get_CreatedBy()
FNDA:0,System.String ClinicManagement.Domain.Entities.Appointment::get_CreatedBy()
DA:73,0
FN:77,System.String ClinicManagement.Domain.Entities.Appointment::get_ModifiedBy()
FNDA:0,System.String ClinicManagement.Domain.Entities.Appointment::get_ModifiedBy()
DA:78,0
LF:14
LH:0
BRF:0
BRH:0
FNF:14
FNH:0
end_of_record
SF:/modernize-data/studio-data/TNT1001/APP1459/transformed-code/492/studio-workspace/13Feb-rahul/src/ClinicManagement.Domain/Entities/Bill.cs
FN:10,System.Int32 ClinicManagement.Domain.Entities.Bill::get_Id()
FNDA:0,System.Int32 ClinicManagement.Domain.Entities.Bill::get_Id()
DA:11,0
FN:15,System.Int32 ClinicManagement.Domain.Entities.Bill::get_AppointmentId()
FNDA:0,System.Int32 ClinicManagement.Domain.Entities.Bill::get_AppointmentId()
DA:16,0
FN:20,ClinicManagement.Domain.Entities.Appointment ClinicManagement.Domain.Entities.Bill::get_Appointment()
FNDA:0,ClinicManagement.Domain.Entities.Appointment ClinicManagement.Domain.Entities.Bill::get_Appointment()
DA:21,0
FN:25,System.Decimal ClinicManagement.Domain.Entities.Bill::get_Amount()
FNDA:0,System.Decimal ClinicManagement.Domain.Entities.Bill::get_Amount()
DA:26,0
FN:30,System.String ClinicManagement.Domain.Entities.Bill::get_Description()
FNDA:0,System.String ClinicManagement.Domain.Entities.Bill::get_Description()
DA:31,0
FN:35,System.Boolean ClinicManagement.Domain.Entities.Bill::get_IsPaid()
FNDA:0,System.Boolean ClinicManagement.Domain.Entities.Bill::get_IsPaid()
DA:36,0
FN:40,System.DateTime ClinicManagement.Domain.Entities.Bill::get_CreatedDate()
FNDA:0,System.DateTime ClinicManagement.Domain.Entities.Bill::get_CreatedDate()
DA:41,0
FN:45,System.Nullable`1<System.DateTime> ClinicManagement.Domain.Entities.Bill::get_ModifiedDate()
FNDA:0,System.Nullable`1<System.DateTime> ClinicManagement.Domain.Entities.Bill::get_ModifiedDate()
DA:46,0
FN:50,System.Boolean ClinicManagement.Domain.Entities.Bill::get_IsActive()
FNDA:0,System.Boolean ClinicManagement.Domain.Entities.Bill::get_IsActive()
DA:51,0
FN:55,System.String ClinicManagement.Domain.Entities.Bill::get_CreatedBy()
FNDA:0,System.String ClinicManagement.Domain.Entities.Bill::get_CreatedBy()
DA:56,0
FN:60,System.String ClinicManagement.Domain.Entities.Bill::get_ModifiedBy()
FNDA:0,System.String ClinicManagement.Domain.Entities.Bill::get_ModifiedBy()
DA:61,0
LF:11
LH:0
BRF:0
BRH:0
FNF:11
FNH:0
end_of_record
SF:/modernize-data/studio-data/TNT1001/APP1459/transformed-code/492/studio-workspace/13Feb-rahul/src/ClinicManagement.Domain/Entities/Doctor.cs
FN:10,System.Int32 ClinicManagement.Domain.Entities.Doctor::get_Id()
FNDA:0,System.Int32 ClinicManagement.Domain.Entities.Doctor::get_Id()
DA:11,0
FN:15,System.Int32 ClinicManagement.Domain.Entities.Doctor::get_UserId()
FNDA:0,System.Int32 ClinicManagement.Domain.Entities.Doctor::get_UserId()
DA:16,0
FN:20,ClinicManagement.Domain.Entities.User ClinicManagement.Domain.Entities.Doctor::get_User()
FNDA:0,ClinicManagement.Domain.Entities.User ClinicManagement.Domain.Entities.Doctor::get_User()
DA:21,0
FN:25,System.String ClinicManagement.Domain.Entities.Doctor::get_Specialization()
FNDA:0,System.String ClinicManagement.Domain.Entities.Doctor::get_Specialization()
DA:26,0
FN:30,System.String ClinicManagement.Domain.Entities.Doctor::get_Qualification()
FNDA:0,System.String ClinicManagement.Domain.Entities.Doctor::get_Qualification()
DA:31,0
FN:35,System.Int32 ClinicManagement.Domain.Entities.Doctor::get_Experience()
FNDA:0,System.Int32 ClinicManagement.Domain.Entities.Doctor::get_Experience()
DA:36,0
FN:40,System.String ClinicManagement.Domain.Entities.Doctor::get_Description()
FNDA:0,System.String ClinicManagement.Domain.Entities.Doctor::get_Description()
DA:41,0
FN:45,System.DateTime ClinicManagement.Domain.Entities.Doctor::get_CreatedDate()
FNDA:0,System.DateTime ClinicManagement.Domain.Entities.Doctor::get_CreatedDate()
DA:46,0
FN:50,System.Nullable`1<System.DateTime> ClinicManagement.Domain.Entities.Doctor::get_ModifiedDate()
FNDA:0,System.Nullable`1<System.DateTime> ClinicManagement.Domain.Entities.Doctor::get_ModifiedDate()
DA:51,0
FN:55,System.Boolean ClinicManagement.Domain.Entities.Doctor::get_IsActive()
FNDA:0,System.Boolean ClinicManagement.Domain.Entities.Doctor::get_IsActive()
DA:56,0
FN:60,System.String ClinicManagement.Domain.Entities.Doctor::get_CreatedBy()
FNDA:0,System.String ClinicManagement.Domain.Entities.Doctor::get_CreatedBy()
DA:61,0
FN:65,System.String ClinicManagement.Domain.Entities.Doctor::get_ModifiedBy()
FNDA:0,System.String ClinicManagement.Domain.Entities.Doctor::get_ModifiedBy()
DA:66,0
FN:70,System.Collections.Generic.ICollection`1<ClinicManagement.Domain.Entities.Appointment> ClinicManagement.Domain.Entities.Doctor::get_Appointments()
FNDA:0,System.Collections.Generic.ICollection`1<ClinicManagement.Domain.Entities.Appointment> ClinicManagement.Domain.Entities.Doctor::get_Appointments()
DA:71,0
LF:13
LH:0
BRF:0
BRH:0
FNF:13
FNH:0
end_of_record
SF:/modernize-data/studio-data/TNT1001/APP1459/transformed-code/492/studio-workspace/13Feb-rahul/src/ClinicManagement.Domain/Entities/Patient.cs
FN:10,System.Int32 ClinicManagement.Domain.Entities.Patient::get_Id()
FNDA:0,System.Int32 ClinicManagement.Domain.Entities.Patient::get_Id()
DA:11,0
FN:15,System.Int32 ClinicManagement.Domain.Entities.Patient::get_UserId()
FNDA:0,System.Int32 ClinicManagement.Domain.Entities.Patient::get_UserId()
DA:16,0
FN:20,ClinicManagement.Domain.Entities.User ClinicManagement.Domain.Entities.Patient::get_User()
FNDA:0,ClinicManagement.Domain.Entities.User ClinicManagement.Domain.Entities.Patient::get_User()
DA:21,0
FN:25,System.String ClinicManagement.Domain.Entities.Patient::get_MedicalHistory()
FNDA:0,System.String ClinicManagement.Domain.Entities.Patient::get_MedicalHistory()
DA:26,0
FN:30,System.DateTime ClinicManagement.Domain.Entities.Patient::get_CreatedDate()
FNDA:0,System.DateTime ClinicManagement.Domain.Entities.Patient::get_CreatedDate()
DA:31,0
FN:35,System.Nullable`1<System.DateTime> ClinicManagement.Domain.Entities.Patient::get_ModifiedDate()
FNDA:0,System.Nullable`1<System.DateTime> ClinicManagement.Domain.Entities.Patient::get_ModifiedDate()
DA:36,0
FN:40,System.Boolean ClinicManagement.Domain.Entities.Patient::get_IsActive()
FNDA:0,System.Boolean ClinicManagement.Domain.Entities.Patient::get_IsActive()
DA:41,0
FN:45,System.String ClinicManagement.Domain.Entities.Patient::get_CreatedBy()
FNDA:0,System.String ClinicManagement.Domain.Entities.Patient::get_CreatedBy()
DA:46,0
FN:50,System.String ClinicManagement.Domain.Entities.Patient::get_ModifiedBy()
FNDA:0,System.String ClinicManagement.Domain.Entities.Patient::get_ModifiedBy()
DA:51,0
FN:55,System.Collections.Generic.ICollection`1<ClinicManagement.Domain.Entities.Appointment> ClinicManagement.Domain.Entities.Patient::get_Appointments()
FNDA:0,System.Collections.Generic.ICollection`1<ClinicManagement.Domain.Entities.Appointment> ClinicManagement.Domain.Entities.Patient::get_Appointments()
DA:56,0
LF:10
LH:0
BRF:0
BRH:0
FNF:10
FNH:0
end_of_record
SF:/modernize-data/studio-data/TNT1001/APP1459/transformed-code/492/studio-workspace/13Feb-rahul/src/ClinicManagement.Domain/Entities/User.cs
FN:12,System.Int32 ClinicManagement.Domain.Entities.User::get_Id()
FNDA:3,System.Int32 ClinicManagement.Domain.Entities.User::get_Id()
DA:13,3
FN:17,System.String ClinicManagement.Domain.Entities.User::get_Name()
FNDA:6,System.String ClinicManagement.Domain.Entities.User::get_Name()
DA:18,6
FN:22,System.String ClinicManagement.Domain.Entities.User::get_Email()
FNDA:6,System.String ClinicManagement.Domain.Entities.User::get_Email()
DA:23,6
FN:27,System.String ClinicManagement.Domain.Entities.User::get_Password()
FNDA:3,System.String ClinicManagement.Domain.Entities.User::get_Password()
DA:28,3
FN:32,System.DateTime ClinicManagement.Domain.Entities.User::get_BirthDate()
FNDA:0,System.DateTime ClinicManagement.Domain.Entities.User::get_BirthDate()
DA:33,0
FN:37,System.String ClinicManagement.Domain.Entities.User::get_PhoneNo()
FNDA:3,System.String ClinicManagement.Domain.Entities.User::get_PhoneNo()
DA:38,3
FN:42,System.String ClinicManagement.Domain.Entities.User::get_Gender()
FNDA:3,System.String ClinicManagement.Domain.Entities.User::get_Gender()
DA:43,3
FN:47,System.String ClinicManagement.Domain.Entities.User::get_Address()
FNDA:3,System.String ClinicManagement.Domain.Entities.User::get_Address()
DA:48,3
FN:52,ClinicManagement.Domain.Enums.UserType ClinicManagement.Domain.Entities.User::get_UserType()
FNDA:0,ClinicManagement.Domain.Enums.UserType ClinicManagement.Domain.Entities.User::get_UserType()
DA:53,0
FN:57,System.DateTime ClinicManagement.Domain.Entities.User::get_CreatedDate()
FNDA:0,System.DateTime ClinicManagement.Domain.Entities.User::get_CreatedDate()
DA:58,0
FN:62,System.Nullable`1<System.DateTime> ClinicManagement.Domain.Entities.User::get_ModifiedDate()
FNDA:0,System.Nullable`1<System.DateTime> ClinicManagement.Domain.Entities.User::get_ModifiedDate()
DA:63,0
FN:67,System.Boolean ClinicManagement.Domain.Entities.User::get_IsActive()
FNDA:0,System.Boolean ClinicManagement.Domain.Entities.User::get_IsActive()
DA:68,0
FN:72,System.String ClinicManagement.Domain.Entities.User::get_CreatedBy()
FNDA:3,System.String ClinicManagement.Domain.Entities.User::get_CreatedBy()
DA:73,3
FN:77,System.String ClinicManagement.Domain.Entities.User::get_ModifiedBy()
FNDA:0,System.String ClinicManagement.Domain.Entities.User::get_ModifiedBy()
DA:78,0
LF:14
LH:8
BRF:0
BRH:0
FNF:14
FNH:8
end_of_record